<?xml version="1.0" encoding="UTF-8"?>
<testsuite name="com.enterprise.codingService.CodingServiceApplicationTests" tests="1" skipped="0" failures="0" errors="0" timestamp="2018-05-22T05:39:55" hostname="sreedharjoshi-Mac.local" time="0.002">
  <properties/>
  <testcase name="contextLoads" classname="com.enterprise.codingService.CodingServiceApplicationTests" time="0.002"/>
  <system-out><![CDATA[2018-05-21 22:39:53.927  INFO 29749 --- [    Test worker] .b.t.c.SpringBootTestContextBootstrapper : Neither @ContextConfiguration nor @ContextHierarchy found for test class [com.enterprise.codingService.CodingServiceApplicationTests], using SpringBootContextLoader
2018-05-21 22:39:53.927  INFO 29749 --- [    Test worker] o.s.t.c.support.AbstractContextLoader    : Could not detect default resource locations for test class [com.enterprise.codingService.CodingServiceApplicationTests]: no resource found for suffixes {-context.xml, Context.groovy}.
2018-05-21 22:39:53.927  INFO 29749 --- [    Test worker] t.c.s.AnnotationConfigContextLoaderUtils : Could not detect default configuration classes for test class [com.enterprise.codingService.CodingServiceApplicationTests]: CodingServiceApplicationTests does not declare any static, non-private, non-final, nested classes annotated with @Configuration.
2018-05-21 22:39:53.929  INFO 29749 --- [    Test worker] .b.t.c.SpringBootTestContextBootstrapper : Found @SpringBootConfiguration com.enterprise.codingService.CodingServiceApplication for test class com.enterprise.codingService.CodingServiceApplicationTests
2018-05-21 22:39:53.931  INFO 29749 --- [    Test worker] .b.t.c.SpringBootTestContextBootstrapper : Loaded default TestExecutionListener class names from location [META-INF/spring.factories]: [org.springframework.boot.test.autoconfigure.restdocs.RestDocsTestExecutionListener, org.springframework.boot.test.autoconfigure.web.client.MockRestServiceServerResetTestExecutionListener, org.springframework.boot.test.autoconfigure.web.servlet.MockMvcPrintOnlyOnFailureTestExecutionListener, org.springframework.boot.test.autoconfigure.web.servlet.WebDriverTestExecutionListener, org.springframework.boot.test.mock.mockito.MockitoTestExecutionListener, org.springframework.boot.test.mock.mockito.ResetMocksTestExecutionListener, org.springframework.test.context.web.ServletTestExecutionListener, org.springframework.test.context.support.DirtiesContextBeforeModesTestExecutionListener, org.springframework.test.context.support.DependencyInjectionTestExecutionListener, org.springframework.test.context.support.DirtiesContextTestExecutionListener, org.springframework.test.context.transaction.TransactionalTestExecutionListener, org.springframework.test.context.jdbc.SqlScriptsTestExecutionListener]
2018-05-21 22:39:53.932  INFO 29749 --- [    Test worker] .b.t.c.SpringBootTestContextBootstrapper : Using TestExecutionListeners: [org.springframework.test.context.web.ServletTestExecutionListener@4052701b, org.springframework.test.context.support.DirtiesContextBeforeModesTestExecutionListener@9d050b7, org.springframework.boot.test.mock.mockito.MockitoTestExecutionListener@34ce2325, org.springframework.boot.test.autoconfigure.SpringBootDependencyInjectionTestExecutionListener@499d5151, org.springframework.test.context.support.DirtiesContextTestExecutionListener@1a9c32d1, org.springframework.boot.test.autoconfigure.restdocs.RestDocsTestExecutionListener@11428cdd, org.springframework.boot.test.autoconfigure.web.client.MockRestServiceServerResetTestExecutionListener@545042db, org.springframework.boot.test.autoconfigure.web.servlet.MockMvcPrintOnlyOnFailureTestExecutionListener@776486d9, org.springframework.boot.test.autoconfigure.web.servlet.WebDriverTestExecutionListener@c95385e, org.springframework.boot.test.mock.mockito.ResetMocksTestExecutionListener@9346975]

  .   ____          _            __ _ _
 /\\ / ___'_ __ _ _(_)_ __  __ _ \ \ \ \
( ( )\___ | '_ | '_| | '_ \/ _` | \ \ \ \
 \\/  ___)| |_)| | | | | || (_| |  ) ) ) )
  '  |____| .__|_| |_|_| |_\__, | / / / /
 =========|_|==============|___/=/_/_/_/
 :: Spring Boot ::        (v2.0.2.RELEASE)

2018-05-21 22:39:53.951  INFO 29749 --- [    Test worker] c.e.c.CodingServiceApplicationTests      : Starting CodingServiceApplicationTests on sreedharjoshi-Mac.local with PID 29749 (started by sreedharjoshi in /Users/sreedharjoshi/Documents/learning/doing/ATypicalEnterpriseMicroservice/CodingService)
2018-05-21 22:39:53.952  INFO 29749 --- [    Test worker] c.e.c.CodingServiceApplicationTests      : No active profile set, falling back to default profiles: default
2018-05-21 22:39:53.954  INFO 29749 --- [    Test worker] o.s.w.c.s.GenericWebApplicationContext   : Refreshing org.springframework.web.context.support.GenericWebApplicationContext@20a0a586: startup date [Mon May 21 22:39:53 PDT 2018]; root of context hierarchy
2018-05-21 22:39:54.526  INFO 29749 --- [    Test worker] o.s.w.s.handler.SimpleUrlHandlerMapping  : Mapped URL path [/**/favicon.ico] onto handler of type [class org.springframework.web.servlet.resource.ResourceHttpRequestHandler]
2018-05-21 22:39:54.611  INFO 29749 --- [    Test worker] s.w.s.m.m.a.RequestMappingHandlerAdapter : Looking for @ControllerAdvice: org.springframework.web.context.support.GenericWebApplicationContext@20a0a586: startup date [Mon May 21 22:39:53 PDT 2018]; root of context hierarchy
2018-05-21 22:39:54.623  INFO 29749 --- [    Test worker] s.w.s.m.m.a.RequestMappingHandlerMapping : Mapped "{[/users/{id}/repos],methods=[GET]}" onto public java.util.List<java.lang.String> com.enterprise.codingService.CodingController.getRepositories(java.lang.String)
2018-05-21 22:39:54.626  INFO 29749 --- [    Test worker] s.w.s.m.m.a.RequestMappingHandlerMapping : Mapped "{[/error]}" onto public org.springframework.http.ResponseEntity<java.util.Map<java.lang.String, java.lang.Object>> org.springframework.boot.autoconfigure.web.servlet.error.BasicErrorController.error(javax.servlet.http.HttpServletRequest)
2018-05-21 22:39:54.626  INFO 29749 --- [    Test worker] s.w.s.m.m.a.RequestMappingHandlerMapping : Mapped "{[/error],produces=[text/html]}" onto public org.springframework.web.servlet.ModelAndView org.springframework.boot.autoconfigure.web.servlet.error.BasicErrorController.errorHtml(javax.servlet.http.HttpServletRequest,javax.servlet.http.HttpServletResponse)
2018-05-21 22:39:54.640  INFO 29749 --- [    Test worker] o.s.w.s.handler.SimpleUrlHandlerMapping  : Mapped URL path [/webjars/**] onto handler of type [class org.springframework.web.servlet.resource.ResourceHttpRequestHandler]
2018-05-21 22:39:54.640  INFO 29749 --- [    Test worker] o.s.w.s.handler.SimpleUrlHandlerMapping  : Mapped URL path [/**] onto handler of type [class org.springframework.web.servlet.resource.ResourceHttpRequestHandler]
2018-05-21 22:39:55.048  INFO 29749 --- [    Test worker] o.s.b.a.e.web.EndpointLinksResolver      : Exposing 2 endpoint(s) beneath base path '/actuator'
2018-05-21 22:39:55.056  INFO 29749 --- [    Test worker] s.b.a.e.w.s.WebMvcEndpointHandlerMapping : Mapped "{[/actuator/health],methods=[GET],produces=[application/vnd.spring-boot.actuator.v2+json || application/json]}" onto public java.lang.Object org.springframework.boot.actuate.endpoint.web.servlet.AbstractWebMvcEndpointHandlerMapping$OperationHandler.handle(javax.servlet.http.HttpServletRequest,java.util.Map<java.lang.String, java.lang.String>)
2018-05-21 22:39:55.057  INFO 29749 --- [    Test worker] s.b.a.e.w.s.WebMvcEndpointHandlerMapping : Mapped "{[/actuator/info],methods=[GET],produces=[application/vnd.spring-boot.actuator.v2+json || application/json]}" onto public java.lang.Object org.springframework.boot.actuate.endpoint.web.servlet.AbstractWebMvcEndpointHandlerMapping$OperationHandler.handle(javax.servlet.http.HttpServletRequest,java.util.Map<java.lang.String, java.lang.String>)
2018-05-21 22:39:55.058  INFO 29749 --- [    Test worker] s.b.a.e.w.s.WebMvcEndpointHandlerMapping : Mapped "{[/actuator],methods=[GET],produces=[application/vnd.spring-boot.actuator.v2+json || application/json]}" onto protected java.util.Map<java.lang.String, java.util.Map<java.lang.String, org.springframework.boot.actuate.endpoint.web.Link>> org.springframework.boot.actuate.endpoint.web.servlet.WebMvcEndpointHandlerMapping.links(javax.servlet.http.HttpServletRequest,javax.servlet.http.HttpServletResponse)
2018-05-21 22:39:55.095  INFO 29749 --- [    Test worker] c.e.c.CodingServiceApplicationTests      : Started CodingServiceApplicationTests in 1.161 seconds (JVM running for 3.795)
]]></system-out>
  <system-err><![CDATA[]]></system-err>
</testsuite>
