<?xml version="1.0" encoding="UTF-8"?>
<testsuite name="com.enterprise.codingService.CodingControllerTest" tests="1" skipped="0" failures="0" errors="0" timestamp="2018-05-31T01:47:47" hostname="sreedharjoshi-Mac.local" time="0.069">
  <properties/>
  <testcase name="getRepositoriesShouldReturnStatusOKAndListOfReposWhenCalledWithId" classname="com.enterprise.codingService.CodingControllerTest" time="0.069"/>
  <system-out><![CDATA[2018-05-30 18:47:46.438  INFO ["Coding-Service",,,] 95119 --- [    Test worker] .b.t.a.w.s.WebMvcTestContextBootstrapper : Neither @ContextConfiguration nor @ContextHierarchy found for test class [com.enterprise.codingService.CodingControllerTest], using SpringBootContextLoader
2018-05-30 18:47:46.439  INFO ["Coding-Service",,,] 95119 --- [    Test worker] o.s.t.c.support.AbstractContextLoader    : Could not detect default resource locations for test class [com.enterprise.codingService.CodingControllerTest]: no resource found for suffixes {-context.xml, Context.groovy}.
2018-05-30 18:47:46.440  INFO ["Coding-Service",,,] 95119 --- [    Test worker] t.c.s.AnnotationConfigContextLoaderUtils : Could not detect default configuration classes for test class [com.enterprise.codingService.CodingControllerTest]: CodingControllerTest does not declare any static, non-private, non-final, nested classes annotated with @Configuration.
2018-05-30 18:47:46.458  INFO ["Coding-Service",,,] 95119 --- [    Test worker] .b.t.c.SpringBootTestContextBootstrapper : Found @SpringBootConfiguration com.enterprise.codingService.CodingServiceApplication for test class com.enterprise.codingService.CodingControllerTest
2018-05-30 18:47:46.459  INFO ["Coding-Service",,,] 95119 --- [    Test worker] .b.t.a.w.s.WebMvcTestContextBootstrapper : Loaded default TestExecutionListener class names from location [META-INF/spring.factories]: [org.springframework.boot.test.autoconfigure.restdocs.RestDocsTestExecutionListener, org.springframework.boot.test.autoconfigure.web.client.MockRestServiceServerResetTestExecutionListener, org.springframework.boot.test.autoconfigure.web.servlet.MockMvcPrintOnlyOnFailureTestExecutionListener, org.springframework.boot.test.autoconfigure.web.servlet.WebDriverTestExecutionListener, org.springframework.boot.test.mock.mockito.MockitoTestExecutionListener, org.springframework.boot.test.mock.mockito.ResetMocksTestExecutionListener, org.springframework.test.context.web.ServletTestExecutionListener, org.springframework.test.context.support.DirtiesContextBeforeModesTestExecutionListener, org.springframework.test.context.support.DependencyInjectionTestExecutionListener, org.springframework.test.context.support.DirtiesContextTestExecutionListener, org.springframework.test.context.transaction.TransactionalTestExecutionListener, org.springframework.test.context.jdbc.SqlScriptsTestExecutionListener]
2018-05-30 18:47:46.460  INFO ["Coding-Service",,,] 95119 --- [    Test worker] .b.t.a.w.s.WebMvcTestContextBootstrapper : Using TestExecutionListeners: [org.springframework.test.context.web.ServletTestExecutionListener@34d2b873, org.springframework.test.context.support.DirtiesContextBeforeModesTestExecutionListener@653e546b, org.springframework.boot.test.mock.mockito.MockitoTestExecutionListener@2cb1e75f, org.springframework.boot.test.autoconfigure.SpringBootDependencyInjectionTestExecutionListener@1b1ff1fb, org.springframework.test.context.support.DirtiesContextTestExecutionListener@3aafc3cb, org.springframework.boot.test.autoconfigure.restdocs.RestDocsTestExecutionListener@2d2545f9, org.springframework.boot.test.autoconfigure.web.client.MockRestServiceServerResetTestExecutionListener@e8dc41d, org.springframework.boot.test.autoconfigure.web.servlet.MockMvcPrintOnlyOnFailureTestExecutionListener@6af96c1e, org.springframework.boot.test.autoconfigure.web.servlet.WebDriverTestExecutionListener@2e8c4b11, org.springframework.boot.test.mock.mockito.ResetMocksTestExecutionListener@2901d9b4]
2018-05-30 18:47:46.499  INFO [-,,,] 95119 --- [    Test worker] s.c.a.AnnotationConfigApplicationContext : Refreshing org.springframework.context.annotation.AnnotationConfigApplicationContext@6fc143b2: startup date [Wed May 30 18:47:46 PDT 2018]; root of context hierarchy
2018-05-30 18:47:46.539  INFO [-,,,] 95119 --- [    Test worker] trationDelegate$BeanPostProcessorChecker : Bean 'configurationPropertiesRebinderAutoConfiguration' of type [org.springframework.cloud.autoconfigure.ConfigurationPropertiesRebinderAutoConfiguration$$EnhancerBySpringCGLIB$$f14d59a0] is not eligible for getting processed by all BeanPostProcessors (for example: not eligible for auto-proxying)

  .   ____          _            __ _ _
 /\\ / ___'_ __ _ _(_)_ __  __ _ \ \ \ \
( ( )\___ | '_ | '_| | '_ \/ _` | \ \ \ \
 \\/  ___)| |_)| | | | | || (_| |  ) ) ) )
  '  |____| .__|_| |_|_| |_\__, | / / / /
 =========|_|==============|___/=/_/_/_/
 :: Spring Boot ::        (v2.0.1.RELEASE)

2018-05-30 18:47:46.611  INFO ["Coding-Service",,,] 95119 --- [    Test worker] c.e.codingService.CodingControllerTest   : No active profile set, falling back to default profiles: default
2018-05-30 18:47:46.613  INFO ["Coding-Service",,,] 95119 --- [    Test worker] o.s.w.c.s.GenericWebApplicationContext   : Refreshing org.springframework.web.context.support.GenericWebApplicationContext@1658351e: startup date [Wed May 30 18:47:46 PDT 2018]; parent: org.springframework.context.annotation.AnnotationConfigApplicationContext@6fc143b2
2018-05-30 18:47:47.075  INFO ["Coding-Service",,,] 95119 --- [    Test worker] o.s.w.s.handler.SimpleUrlHandlerMapping  : Mapped URL path [/**/favicon.ico] onto handler of type [class org.springframework.web.servlet.resource.ResourceHttpRequestHandler]
2018-05-30 18:47:47.135  INFO ["Coding-Service",,,] 95119 --- [    Test worker] s.w.s.m.m.a.RequestMappingHandlerAdapter : Looking for @ControllerAdvice: org.springframework.web.context.support.GenericWebApplicationContext@1658351e: startup date [Wed May 30 18:47:46 PDT 2018]; parent: org.springframework.context.annotation.AnnotationConfigApplicationContext@6fc143b2
2018-05-30 18:47:47.145  INFO ["Coding-Service",,,] 95119 --- [    Test worker] s.w.s.m.m.a.RequestMappingHandlerMapping : Mapped "{[/error]}" onto public org.springframework.http.ResponseEntity<java.util.Map<java.lang.String, java.lang.Object>> org.springframework.boot.autoconfigure.web.servlet.error.BasicErrorController.error(javax.servlet.http.HttpServletRequest)
2018-05-30 18:47:47.145  INFO ["Coding-Service",,,] 95119 --- [    Test worker] s.w.s.m.m.a.RequestMappingHandlerMapping : Mapped "{[/error],produces=[text/html]}" onto public org.springframework.web.servlet.ModelAndView org.springframework.boot.autoconfigure.web.servlet.error.BasicErrorController.errorHtml(javax.servlet.http.HttpServletRequest,javax.servlet.http.HttpServletResponse)
2018-05-30 18:47:47.148  INFO ["Coding-Service",,,] 95119 --- [    Test worker] s.w.s.m.m.a.RequestMappingHandlerMapping : Mapped "{[/users/{id}/repos],methods=[GET]}" onto public java.util.List<java.lang.String> com.enterprise.codingService.CodingController$MockitoMock$1182663577.getRepositories(java.lang.String)
2018-05-30 18:47:47.163  INFO ["Coding-Service",,,] 95119 --- [    Test worker] o.s.w.s.handler.SimpleUrlHandlerMapping  : Mapped URL path [/webjars/**] onto handler of type [class org.springframework.web.servlet.resource.ResourceHttpRequestHandler]
2018-05-30 18:47:47.163  INFO ["Coding-Service",,,] 95119 --- [    Test worker] o.s.w.s.handler.SimpleUrlHandlerMapping  : Mapped URL path [/**] onto handler of type [class org.springframework.web.servlet.resource.ResourceHttpRequestHandler]
2018-05-30 18:47:47.221  INFO ["Coding-Service",,,] 95119 --- [    Test worker] o.s.b.t.m.w.SpringBootMockServletContext : Initializing Spring FrameworkServlet ''
2018-05-30 18:47:47.221  INFO ["Coding-Service",,,] 95119 --- [    Test worker] o.s.t.web.servlet.TestDispatcherServlet  : FrameworkServlet '': initialization started
2018-05-30 18:47:47.232  INFO ["Coding-Service",,,] 95119 --- [    Test worker] o.s.t.web.servlet.TestDispatcherServlet  : FrameworkServlet '': initialization completed in 11 ms
2018-05-30 18:47:47.243  INFO ["Coding-Service",,,] 95119 --- [    Test worker] c.e.codingService.CodingControllerTest   : Started CodingControllerTest in 0.781 seconds (JVM running for 5.972)
]]></system-out>
  <system-err><![CDATA[]]></system-err>
</testsuite>
