<?xml version="1.0" encoding="UTF-8"?>
<testsuite name="com.enterprise.codingService.CodingServiceApplicationTests" tests="1" skipped="0" failures="0" errors="0" timestamp="2018-05-30T17:32:55" hostname="sreedharjoshi-mac.gap.com" time="0.068">
  <properties/>
  <testcase name="contextLoads" classname="com.enterprise.codingService.CodingServiceApplicationTests" time="0.068"/>
  <system-out><![CDATA[10:32:51.517 [Test worker] DEBUG org.springframework.test.context.junit4.SpringJUnit4ClassRunner - SpringJUnit4ClassRunner constructor called with [class com.enterprise.codingService.CodingServiceApplicationTests]
10:32:51.523 [Test worker] DEBUG org.springframework.test.context.BootstrapUtils - Instantiating CacheAwareContextLoaderDelegate from class [org.springframework.test.context.cache.DefaultCacheAwareContextLoaderDelegate]
10:32:51.529 [Test worker] DEBUG org.springframework.test.context.BootstrapUtils - Instantiating BootstrapContext using constructor [public org.springframework.test.context.support.DefaultBootstrapContext(java.lang.Class,org.springframework.test.context.CacheAwareContextLoaderDelegate)]
10:32:51.545 [Test worker] DEBUG org.springframework.test.context.BootstrapUtils - Instantiating TestContextBootstrapper for test class [com.enterprise.codingService.CodingServiceApplicationTests] from class [org.springframework.boot.test.context.SpringBootTestContextBootstrapper]
10:32:51.554 [Test worker] INFO org.springframework.boot.test.context.SpringBootTestContextBootstrapper - Neither @ContextConfiguration nor @ContextHierarchy found for test class [com.enterprise.codingService.CodingServiceApplicationTests], using SpringBootContextLoader
10:32:51.557 [Test worker] DEBUG org.springframework.test.context.support.AbstractContextLoader - Did not detect default resource location for test class [com.enterprise.codingService.CodingServiceApplicationTests]: class path resource [com/enterprise/codingService/CodingServiceApplicationTests-context.xml] does not exist
10:32:51.557 [Test worker] DEBUG org.springframework.test.context.support.AbstractContextLoader - Did not detect default resource location for test class [com.enterprise.codingService.CodingServiceApplicationTests]: class path resource [com/enterprise/codingService/CodingServiceApplicationTestsContext.groovy] does not exist
10:32:51.558 [Test worker] INFO org.springframework.test.context.support.AbstractContextLoader - Could not detect default resource locations for test class [com.enterprise.codingService.CodingServiceApplicationTests]: no resource found for suffixes {-context.xml, Context.groovy}.
10:32:51.558 [Test worker] INFO org.springframework.test.context.support.AnnotationConfigContextLoaderUtils - Could not detect default configuration classes for test class [com.enterprise.codingService.CodingServiceApplicationTests]: CodingServiceApplicationTests does not declare any static, non-private, non-final, nested classes annotated with @Configuration.
10:32:51.594 [Test worker] DEBUG org.springframework.test.context.support.ActiveProfilesUtils - Could not find an 'annotation declaring class' for annotation type [org.springframework.test.context.ActiveProfiles] and class [com.enterprise.codingService.CodingServiceApplicationTests]
10:32:51.600 [Test worker] DEBUG org.springframework.core.env.StandardEnvironment - Adding PropertySource 'systemProperties' with lowest search precedence
10:32:51.600 [Test worker] DEBUG org.springframework.core.env.StandardEnvironment - Adding PropertySource 'systemEnvironment' with lowest search precedence
10:32:51.601 [Test worker] DEBUG org.springframework.core.env.StandardEnvironment - Initialized StandardEnvironment with PropertySources [MapPropertySource@1093312345 {name='systemProperties', properties={java.runtime.name=Java(TM) SE Runtime Environment, sun.boot.library.path=/Library/Java/JavaVirtualMachines/jdk1.8.0_171.jdk/Contents/Home/jre/lib, java.vm.version=25.171-b11, gopherProxySet=false, java.vm.vendor=Oracle Corporation, java.vendor.url=http://java.oracle.com/, path.separator=:, java.vm.name=Java HotSpot(TM) 64-Bit Server VM, file.encoding.pkg=sun.io, sun.java.launcher=SUN_STANDARD, user.country=US, sun.os.patch.level=unknown, java.vm.specification.name=Java Virtual Machine Specification, user.dir=/Users/sreedharjoshi/Documents/learning/doing/ATypicalEnterpriseMicroservice/CodingService, java.runtime.version=1.8.0_171-b11, java.awt.graphicsenv=sun.awt.CGraphicsEnvironment, java.endorsed.dirs=/Library/Java/JavaVirtualMachines/jdk1.8.0_171.jdk/Contents/Home/jre/lib/endorsed, os.arch=x86_64, java.io.tmpdir=/var/folders/j7/bskntg2d28j362tnyydx5qhr0000gn/T/, line.separator=
, java.vm.specification.vendor=Oracle Corporation, user.variant=, os.name=Mac OS X, sun.jnu.encoding=UTF-8, java.library.path=/Users/sreedharjoshi/Library/Java/Extensions:/Library/Java/Extensions:/Network/Library/Java/Extensions:/System/Library/Java/Extensions:/usr/lib/java:., java.specification.name=Java Platform API Specification, java.class.version=52.0, org.gradle.native=false, sun.management.compiler=HotSpot 64-Bit Tiered Compilers, os.version=10.13.4, http.nonProxyHosts=local|*.local|169.254/16|*.169.254/16, user.home=/Users/sreedharjoshi, user.timezone=America/Los_Angeles, java.awt.printerjob=sun.lwawt.macosx.CPrinterJob, file.encoding=UTF-8, java.specification.version=1.8, java.class.path=/Users/sreedharjoshi/Documents/learning/doing/ATypicalEnterpriseMicroservice/CodingService/build/classes/java/test:/Users/sreedharjoshi/Documents/learning/doing/ATypicalEnterpriseMicroservice/CodingService/build/resources/test:/Users/sreedharjoshi/Documents/learning/doing/ATypicalEnterpriseMicroservice/CodingService/build/classes/java/main:/Users/sreedharjoshi/Documents/learning/doing/ATypicalEnterpriseMicroservice/CodingService/build/resources/main:/Users/sreedharjoshi/.gradle/caches/modules-2/files-2.1/org.springframework.boot/spring-boot-starter-web/2.0.1.RELEASE/88751ed76791d12425ce5a80476baf1749a44cf4/spring-boot-starter-web-2.0.1.RELEASE.jar:/Users/sreedharjoshi/.gradle/caches/modules-2/files-2.1/org.springframework.boot/spring-boot-starter-actuator/2.0.1.RELEASE/1ae431903895eabeccbdd611580ce63b374ccd1b/spring-boot-starter-actuator-2.0.1.RELEASE.jar:/Users/sreedharjoshi/.gradle/caches/modules-2/files-2.1/org.springframework.cloud/spring-cloud-starter-zipkin/2.0.0.RC1/fa8320dc072cf8e1672625c760fd4341d50223c6/spring-cloud-starter-zipkin-2.0.0.RC1.jar:/Users/sreedharjoshi/.gradle/caches/modules-2/files-2.1/org.springframework.cloud/spring-cloud-starter-sleuth/2.0.0.RC1/5b04563a8b27d0fcf4047106232ab4fc303f196/spring-cloud-starter-sleuth-2.0.0.RC1.jar:/Users/sreedharjoshi/.gradle/caches/modules-2/files-2.1/org.springframework.boot/spring-boot-starter-test/2.0.1.RELEASE/d6204ede44fa7e1df01d25509837bfa4b767fa28/spring-boot-starter-test-2.0.1.RELEASE.jar:/Users/sreedharjoshi/.gradle/caches/modules-2/files-2.1/org.springframework.boot/spring-boot-starter-json/2.0.1.RELEASE/f2e1aeeb1ac02bfa1b4f7254633484af1866fc65/spring-boot-starter-json-2.0.1.RELEASE.jar:/Users/sreedharjoshi/.gradle/caches/modules-2/files-2.1/org.springframework.cloud/spring-cloud-starter/2.0.0.RC1/faad89078a2a46f61db46680024322932c1a0bfd/spring-cloud-starter-2.0.0.RC1.jar:/Users/sreedharjoshi/.gradle/caches/modules-2/files-2.1/org.springframework.boot/spring-boot-starter-aop/2.0.1.RELEASE/c7f7b5b5e63edca2fb04899d13d8bad83377b4b3/spring-boot-starter-aop-2.0.1.RELEASE.jar:/Users/sreedharjoshi/.gradle/caches/modules-2/files-2.1/org.springframework.boot/spring-boot-starter/2.0.1.RELEASE/33abc1286b0aabea4f08ff4285d09e587835a716/spring-boot-starter-2.0.1.RELEASE.jar:/Users/sreedharjoshi/.gradle/caches/modules-2/files-2.1/org.springframework.boot/spring-boot-starter-tomcat/2.0.1.RELEASE/4b46f4aaff6c8a5a1c8184996d5e9e8a9354db8d/spring-boot-starter-tomcat-2.0.1.RELEASE.jar:/Users/sreedharjoshi/.gradle/caches/modules-2/files-2.1/org.hibernate.validator/hibernate-validator/6.0.9.Final/b149e4cce82379f11f6129eb3187ca8ae5404005/hibernate-validator-6.0.9.Final.jar:/Users/sreedharjoshi/.gradle/caches/modules-2/files-2.1/org.springframework/spring-webmvc/5.0.5.RELEASE/a7fd53c7ad06b0fa7dd4ff347de1b2dc508739e/spring-webmvc-5.0.5.RELEASE.jar:/Users/sreedharjoshi/.gradle/caches/modules-2/files-2.1/org.springframework.cloud/spring-cloud-sleuth-zipkin/2.0.0.RC1/374808cb9668e0c6d825d9cc85601d56118aa9db/spring-cloud-sleuth-zipkin-2.0.0.RC1.jar:/Users/sreedharjoshi/.gradle/caches/modules-2/files-2.1/org.springframework/spring-web/5.0.5.RELEASE/d51dbb5cabe72ae02e400577bac48f7fc94088de/spring-web-5.0.5.RELEASE.jar:/Users/sreedharjoshi/.gradle/caches/modules-2/files-2.1/org.springframework.boot/spring-boot-actuator-autoconfigure/2.0.1.RELEASE/794aa7d6b6e05563c69a4684d2f5b7c78e209b0a/spring-boot-actuator-autoconfigure-2.0.1.RELEASE.jar:/Users/sreedharjoshi/.gradle/caches/modules-2/files-2.1/io.micrometer/micrometer-core/1.0.3/8234fa7ea2b2d6f7147209dcaaa7cd347951d5eb/micrometer-core-1.0.3.jar:/Users/sreedharjoshi/.gradle/caches/modules-2/files-2.1/org.springframework.cloud/spring-cloud-sleuth-core/2.0.0.RC1/cb2def7a91f3a9d14f0fff8002c519cb799e6363/spring-cloud-sleuth-core-2.0.0.RC1.jar:/Users/sreedharjoshi/.gradle/caches/modules-2/files-2.1/org.springframework.boot/spring-boot-test-autoconfigure/2.0.1.RELEASE/c7a68c07f2a04323a67740f91d20818ec2e783b3/spring-boot-test-autoconfigure-2.0.1.RELEASE.jar:/Users/sreedharjoshi/.gradle/caches/modules-2/files-2.1/org.springframework.boot/spring-boot-test/2.0.1.RELEASE/77cede07b0e9da6c87d0dabcfe3e53ac56747d73/spring-boot-test-2.0.1.RELEASE.jar:/Users/sreedharjoshi/.gradle/caches/modules-2/files-2.1/com.jayway.jsonpath/json-path/2.4.0/765a4401ceb2dc8d40553c2075eb80a8fa35c2ae/json-path-2.4.0.jar:/Users/sreedharjoshi/.gradle/caches/modules-2/files-2.1/junit/junit/4.12/2973d150c0dc1fefe998f834810d68f278ea58ec/junit-4.12.jar:/Users/sreedharjoshi/.gradle/caches/modules-2/files-2.1/org.assertj/assertj-core/3.8.0/b209d90ff2e279bee3e02547ee7b11349c52d0e3/assertj-core-3.8.0.jar:/Users/sreedharjoshi/.gradle/caches/modules-2/files-2.1/org.mockito/mockito-core/2.15.0/b84bfbbc29cd22c9529409627af6ea2897f4fa85/mockito-core-2.15.0.jar:/Users/sreedharjoshi/.gradle/caches/modules-2/files-2.1/org.hamcrest/hamcrest-library/1.3/4785a3c21320980282f9f33d0d1264a69040538f/hamcrest-library-1.3.jar:/Users/sreedharjoshi/.gradle/caches/modules-2/files-2.1/org.hamcrest/hamcrest-core/1.3/42a25dc3219429f0e5d060061f71acb49bf010a0/hamcrest-core-1.3.jar:/Users/sreedharjoshi/.gradle/caches/modules-2/files-2.1/org.skyscreamer/jsonassert/1.5.0/6c9d5fe2f59da598d9aefc1cfc6528ff3cf32df3/jsonassert-1.5.0.jar:/Users/sreedharjoshi/.gradle/caches/modules-2/files-2.1/org.springframework/spring-test/5.0.5.RELEASE/f7e3b83447e54056a91de1294ae6888343648dff/spring-test-5.0.5.RELEASE.jar:/Users/sreedharjoshi/.gradle/caches/modules-2/files-2.1/org.springframework.boot/spring-boot-autoconfigure/2.0.1.RELEASE/b0bf9d34ed70c6987a86cd58a009065e5fa02545/spring-boot-autoconfigure-2.0.1.RELEASE.jar:/Users/sreedharjoshi/.gradle/caches/modules-2/files-2.1/org.springframework.boot/spring-boot-actuator/2.0.1.RELEASE/aab310ca611fbdb3fe0f74f3f8644ee012abac8d/spring-boot-actuator-2.0.1.RELEASE.jar:/Users/sreedharjoshi/.gradle/caches/modules-2/files-2.1/org.springframework.boot/spring-boot/2.0.1.RELEASE/b8c5b14cbb0e52fdded8f98a8c1493cc74c7cf59/spring-boot-2.0.1.RELEASE.jar:/Users/sreedharjoshi/.gradle/caches/modules-2/files-2.1/org.springframework/spring-context/5.0.5.RELEASE/9cca4bf5acb693249a01c218f471c677b951d6e2/spring-context-5.0.5.RELEASE.jar:/Users/sreedharjoshi/.gradle/caches/modules-2/files-2.1/org.springframework/spring-expression/5.0.5.RELEASE/fc6c7a95aeb7d00f4c65c338b08d97767eb0dd99/spring-expression-5.0.5.RELEASE.jar:/Users/sreedharjoshi/.gradle/caches/modules-2/files-2.1/org.springframework/spring-aop/5.0.5.RELEASE/b11b61b94d7fb752a1c9bf3461d655c3084fae47/spring-aop-5.0.5.RELEASE.jar:/Users/sreedharjoshi/.gradle/caches/modules-2/files-2.1/org.springframework/spring-beans/5.0.5.RELEASE/984445863c0bbdaaf860615762d998b471a6bf92/spring-beans-5.0.5.RELEASE.jar:/Users/sreedharjoshi/.gradle/caches/modules-2/files-2.1/org.springframework/spring-core/5.0.5.RELEASE/1bd9feb1d9dac6accd27f5244b6c47cfcb55045c/spring-core-5.0.5.RELEASE.jar:/Users/sreedharjoshi/.gradle/caches/modules-2/files-2.1/org.xmlunit/xmlunit-core/2.5.1/4ffdb346572a7356f7521cd3119ce5287d2e339d/xmlunit-core-2.5.1.jar:/Users/sreedharjoshi/.gradle/caches/modules-2/files-2.1/org.springframework.boot/spring-boot-starter-logging/2.0.1.RELEASE/10681a28c95e9f9c0159327a1ed0c860517c7ad7/spring-boot-starter-logging-2.0.1.RELEASE.jar:/Users/sreedharjoshi/.gradle/caches/modules-2/files-2.1/javax.annotation/javax.annotation-api/1.3.2/934c04d3cfef185a8008e7bf34331b79730a9d43/javax.annotation-api-1.3.2.jar:/Users/sreedharjoshi/.gradle/caches/modules-2/files-2.1/org.yaml/snakeyaml/1.19/2d998d3d674b172a588e54ab619854d073f555b5/snakeyaml-1.19.jar:/Users/sreedharjoshi/.gradle/caches/modules-2/files-2.1/com.fasterxml.jackson.datatype/jackson-datatype-jdk8/2.9.5/23e37f085279ba316c0df923513b81609e1d1f6/jackson-datatype-jdk8-2.9.5.jar:/Users/sreedharjoshi/.gradle/caches/modules-2/files-2.1/com.fasterxml.jackson.datatype/jackson-datatype-jsr310/2.9.5/d1f0d11e816bc04e222a261106ca138801841c2d/jackson-datatype-jsr310-2.9.5.jar:/Users/sreedharjoshi/.gradle/caches/modules-2/files-2.1/com.fasterxml.jackson.module/jackson-module-parameter-names/2.9.5/f824c60751ffb7bfc3a0d30dfe0e42317d8e67f5/jackson-module-parameter-names-2.9.5.jar:/Users/sreedharjoshi/.gradle/caches/modules-2/files-2.1/com.fasterxml.jackson.core/jackson-databind/2.9.5/3490508379d065fe3fcb80042b62f630f7588606/jackson-databind-2.9.5.jar:/Users/sreedharjoshi/.gradle/caches/modules-2/files-2.1/org.apache.tomcat.embed/tomcat-embed-websocket/8.5.29/37786f4ca8a1597a91a0f437e659a76d1fcc5bf1/tomcat-embed-websocket-8.5.29.jar:/Users/sreedharjoshi/.gradle/caches/modules-2/files-2.1/org.apache.tomcat.embed/tomcat-embed-core/8.5.29/51eac5adde4bc019261b787cb99e5548206908e6/tomcat-embed-core-8.5.29.jar:/Users/sreedharjoshi/.gradle/caches/modules-2/files-2.1/org.apache.tomcat.embed/tomcat-embed-el/8.5.29/893fb2c87ec1aa248a7911d76c0c06b3fca6bc9b/tomcat-embed-el-8.5.29.jar:/Users/sreedharjoshi/.gradle/caches/modules-2/files-2.1/javax.validation/validation-api/2.0.1.Final/cb855558e6271b1b32e716d24cb85c7f583ce09e/validation-api-2.0.1.Final.jar:/Users/sreedharjoshi/.gradle/caches/modules-2/files-2.1/org.jboss.logging/jboss-logging/3.3.2.Final/3789d00e859632e6c6206adc0c71625559e6e3b0/jboss-logging-3.3.2.Final.jar:/Users/sreedharjoshi/.gradle/caches/modules-2/files-2.1/com.fasterxml/classmate/1.3.4/3d5f48f10bbe4eb7bd862f10c0583be2e0053c6/classmate-1.3.4.jar:/Users/sreedharjoshi/.gradle/caches/modules-2/files-2.1/org.hdrhistogram/HdrHistogram/2.1.10/9e1ac84eed220281841b75e72fb9de5a297fbf04/HdrHistogram-2.1.10.jar:/Users/sreedharjoshi/.gradle/caches/modules-2/files-2.1/org.latencyutils/LatencyUtils/2.0.3/769c0b82cb2421c8256300e907298a9410a2a3d3/LatencyUtils-2.0.3.jar:/Users/sreedharjoshi/.gradle/caches/modules-2/files-2.1/org.springframework.cloud/spring-cloud-context/2.0.0.RC1/3796b40f5c6891591ccc2a64961b9b6c7d734e1e/spring-cloud-context-2.0.0.RC1.jar:/Users/sreedharjoshi/.gradle/caches/modules-2/files-2.1/org.springframework.cloud/spring-cloud-commons/2.0.0.RC1/acd643839f27c5c515ad1b4a68437d42179b6751/spring-cloud-commons-2.0.0.RC1.jar:/Users/sreedharjoshi/.gradle/caches/modules-2/files-2.1/org.springframework.security/spring-security-rsa/1.0.5.RELEASE/31bd1111ada2f455eb0f492ed09e39deda18ca99/spring-security-rsa-1.0.5.RELEASE.jar:/Users/sreedharjoshi/.gradle/caches/modules-2/files-2.1/org.aspectj/aspectjweaver/1.8.13/ad94df2a28d658a40dc27bbaff6a1ce5fbf04e9b/aspectjweaver-1.8.13.jar:/Users/sreedharjoshi/.gradle/caches/modules-2/files-2.1/org.aspectj/aspectjrt/1.8.13/bfc5a877fd80648e5467239d370735654aaf7a92/aspectjrt-1.8.13.jar:/Users/sreedharjoshi/.gradle/caches/modules-2/files-2.1/io.zipkin.brave/brave-context-log4j2/4.19.0/5578902b5f0cd962e3d8bc96a8c9d540b89c4293/brave-context-log4j2-4.19.0.jar:/Users/sreedharjoshi/.gradle/caches/modules-2/files-2.1/io.zipkin.brave/brave-instrumentation-spring-web/4.19.0/d8c3b45398aab656b5821fcaf2695817f0f325a4/brave-instrumentation-spring-web-4.19.0.jar:/Users/sreedharjoshi/.gradle/caches/modules-2/files-2.1/io.zipkin.brave/brave-instrumentation-spring-rabbit/4.19.0/b5ecbee7d546de4d0b7bee6755570902c44b2443/brave-instrumentation-spring-rabbit-4.19.0.jar:/Users/sreedharjoshi/.gradle/caches/modules-2/files-2.1/io.zipkin.brave/brave-instrumentation-kafka-clients/4.19.0/d5eb819027c4c109ad64fec08193fe54a7485b2f/brave-instrumentation-kafka-clients-4.19.0.jar:/Users/sreedharjoshi/.gradle/caches/modules-2/files-2.1/io.zipkin.brave/brave-instrumentation-httpclient/4.19.0/1b0a2a91923a110c33d04b5f138b4f578f16fbf8/brave-instrumentation-httpclient-4.19.0.jar:/Users/sreedharjoshi/.gradle/caches/modules-2/files-2.1/io.zipkin.brave/brave-instrumentation-httpasyncclient/4.19.0/241b9ae1a357a5b3f9807998313c471bba3269c2/brave-instrumentation-httpasyncclient-4.19.0.jar:/Users/sreedharjoshi/.gradle/caches/modules-2/files-2.1/io.zipkin.brave/brave-instrumentation-spring-webmvc/4.19.0/46cede69fe92f5e6cbdbe7b8c818fce920fd665f/brave-instrumentation-spring-webmvc-4.19.0.jar:/Users/sreedharjoshi/.gradle/caches/modules-2/files-2.1/io.zipkin.brave/brave-instrumentation-servlet/4.19.0/567cbe71dbb6e4036dc8591db627925503783718/brave-instrumentation-servlet-4.19.0.jar:/Users/sreedharjoshi/.gradle/caches/modules-2/files-2.1/io.zipkin.brave/brave-instrumentation-http/4.19.0/3f2e33582528f4e1d639c14c7544e4ba7ab8a3d/brave-instrumentation-http-4.19.0.jar:/Users/sreedharjoshi/.gradle/caches/modules-2/files-2.1/io.zipkin.brave/brave/4.19.0/73a9ae08397d000fd625516059051de685fdbf5d/brave-4.19.0.jar:/Users/sreedharjoshi/.gradle/caches/modules-2/files-2.1/io.zipkin.reporter2/zipkin-sender-kafka11/2.5.0/d18c68955903e7f686a406f6bee5f9941e35dbb0/zipkin-sender-kafka11-2.5.0.jar:/Users/sreedharjoshi/.gradle/caches/modules-2/files-2.1/io.zipkin.reporter2/zipkin-sender-amqp-client/2.5.0/56fabd5ca2a8712d8262fbc553db535fc19b5ecc/zipkin-sender-amqp-client-2.5.0.jar:/Users/sreedharjoshi/.gradle/caches/modules-2/files-2.1/io.zipkin.reporter2/zipkin-reporter/2.5.0/234f573c5f09c08906d5ef33e38bcc5fc4069b23/zipkin-reporter-2.5.0.jar:/Users/sreedharjoshi/.gradle/caches/modules-2/files-2.1/io.zipkin.zipkin2/zipkin/2.6.1/aba91583e9b024bd86beea4e54fa6d4c9a1eab58/zipkin-2.6.1.jar:/Users/sreedharjoshi/.gradle/caches/modules-2/files-2.1/net.minidev/json-smart/2.3/7396407491352ce4fa30de92efb158adb76b5b/json-smart-2.3.jar:/Users/sreedharjoshi/.gradle/caches/modules-2/files-2.1/ch.qos.logback/logback-classic/1.2.3/7c4f3c474fb2c041d8028740440937705ebb473a/logback-classic-1.2.3.jar:/Users/sreedharjoshi/.gradle/caches/modules-2/files-2.1/org.apache.logging.log4j/log4j-to-slf4j/2.10.0/f7e631ccf49cfc0aefa4a2a728da7d374c05bd3c/log4j-to-slf4j-2.10.0.jar:/Users/sreedharjoshi/.gradle/caches/modules-2/files-2.1/org.slf4j/jul-to-slf4j/1.7.25/af5364cd6679bfffb114f0dec8a157aaa283b76/jul-to-slf4j-1.7.25.jar:/Users/sreedharjoshi/.gradle/caches/modules-2/files-2.1/org.slf4j/slf4j-api/1.7.25/da76ca59f6a57ee3102f8f9bd9cee742973efa8a/slf4j-api-1.7.25.jar:/Users/sreedharjoshi/.gradle/caches/modules-2/files-2.1/net.bytebuddy/byte-buddy/1.7.11/f02857a4e2c66ccbe7aaad6100a0a6c461bce9b3/byte-buddy-1.7.11.jar:/Users/sreedharjoshi/.gradle/caches/modules-2/files-2.1/net.bytebuddy/byte-buddy-agent/1.7.11/b425a8933ca07edd03c6dbc8bc3b595fba9780de/byte-buddy-agent-1.7.11.jar:/Users/sreedharjoshi/.gradle/caches/modules-2/files-2.1/org.objenesis/objenesis/2.1/87c0ea803b69252868d09308b4618f766f135a96/objenesis-2.1.jar:/Users/sreedharjoshi/.gradle/caches/modules-2/files-2.1/com.vaadin.external.google/android-json/0.0.20131108.vaadin1/fa26d351fe62a6a17f5cda1287c1c6110dec413f/android-json-0.0.20131108.vaadin1.jar:/Users/sreedharjoshi/.gradle/caches/modules-2/files-2.1/org.springframework/spring-jcl/5.0.5.RELEASE/f4a2854b9d865e8b86717595aec16f877f8c6489/spring-jcl-5.0.5.RELEASE.jar:/Users/sreedharjoshi/.gradle/caches/modules-2/files-2.1/com.fasterxml.jackson.core/jackson-annotations/2.9.0/7c10d545325e3a6e72e06381afe469fd40eb701/jackson-annotations-2.9.0.jar:/Users/sreedharjoshi/.gradle/caches/modules-2/files-2.1/com.fasterxml.jackson.core/jackson-core/2.9.5/a22ac51016944b06fd9ffbc9541c6e7ce5eea117/jackson-core-2.9.5.jar:/Users/sreedharjoshi/.gradle/caches/modules-2/files-2.1/org.springframework.security/spring-security-crypto/5.0.4.RELEASE/6ad3fe82501c2d78b61ebc6f6c19ab8ab9092898/spring-security-crypto-5.0.4.RELEASE.jar:/Users/sreedharjoshi/.gradle/caches/modules-2/files-2.1/org.apache.httpcomponents/httpclient/4.5.5/1603dfd56ebcd583ccdf337b6c3984ac55d89e58/httpclient-4.5.5.jar:/Users/sreedharjoshi/.gradle/caches/modules-2/files-2.1/org.bouncycastle/bcpkix-jdk15on/1.56/4648af70268b6fdb24674fb1fd7c1fcc73db1231/bcpkix-jdk15on-1.56.jar:/Users/sreedharjoshi/.gradle/caches/modules-2/files-2.1/net.minidev/accessors-smart/1.2/c592b500269bfde36096641b01238a8350f8aa31/accessors-smart-1.2.jar:/Users/sreedharjoshi/.gradle/caches/modules-2/files-2.1/ch.qos.logback/logback-core/1.2.3/864344400c3d4d92dfeb0a305dc87d953677c03c/logback-core-1.2.3.jar:/Users/sreedharjoshi/.gradle/caches/modules-2/files-2.1/org.apache.logging.log4j/log4j-api/2.10.0/fec5797a55b786184a537abd39c3fa1449d752d6/log4j-api-2.10.0.jar:/Users/sreedharjoshi/.gradle/caches/modules-2/files-2.1/org.apache.httpcomponents/httpcore/4.4.9/a86ce739e5a7175b4b234c290a00a5fdb80957a0/httpcore-4.4.9.jar:/Users/sreedharjoshi/.gradle/caches/modules-2/files-2.1/commons-codec/commons-codec/1.11/3acb4705652e16236558f0f4f2192cc33c3bd189/commons-codec-1.11.jar:/Users/sreedharjoshi/.gradle/caches/modules-2/files-2.1/org.bouncycastle/bcprov-jdk15on/1.56/a153c6f9744a3e9dd6feab5e210e1c9861362ec7/bcprov-jdk15on-1.56.jar:/Users/sreedharjoshi/.gradle/caches/modules-2/files-2.1/org.ow2.asm/asm/5.0.4/da08b8cce7bbf903602a25a3a163ae252435795/asm-5.0.4.jar, user.name=sreedharjoshi, java.vm.specification.version=1.8, sun.java.command=worker.org.gradle.process.internal.worker.GradleWorkerMain 'Gradle Test Executor 1', java.home=/Library/Java/JavaVirtualMachines/jdk1.8.0_171.jdk/Contents/Home/jre, sun.arch.data.model=64, user.language=en, java.specification.vendor=Oracle Corporation, awt.toolkit=sun.lwawt.macosx.LWCToolkit, java.vm.info=mixed mode, java.version=1.8.0_171, java.ext.dirs=/Users/sreedharjoshi/Library/Java/Extensions:/Library/Java/JavaVirtualMachines/jdk1.8.0_171.jdk/Contents/Home/jre/lib/ext:/Library/Java/Extensions:/Network/Library/Java/Extensions:/System/Library/Java/Extensions:/usr/lib/java, sun.boot.class.path=/Library/Java/JavaVirtualMachines/jdk1.8.0_171.jdk/Contents/Home/jre/lib/resources.jar:/Library/Java/JavaVirtualMachines/jdk1.8.0_171.jdk/Contents/Home/jre/lib/rt.jar:/Library/Java/JavaVirtualMachines/jdk1.8.0_171.jdk/Contents/Home/jre/lib/sunrsasign.jar:/Library/Java/JavaVirtualMachines/jdk1.8.0_171.jdk/Contents/Home/jre/lib/jsse.jar:/Library/Java/JavaVirtualMachines/jdk1.8.0_171.jdk/Contents/Home/jre/lib/jce.jar:/Library/Java/JavaVirtualMachines/jdk1.8.0_171.jdk/Contents/Home/jre/lib/charsets.jar:/Library/Java/JavaVirtualMachines/jdk1.8.0_171.jdk/Contents/Home/jre/lib/jfr.jar:/Library/Java/JavaVirtualMachines/jdk1.8.0_171.jdk/Contents/Home/jre/classes, java.vendor=Oracle Corporation, org.gradle.test.worker=1, file.separator=/, java.vendor.url.bug=http://bugreport.sun.com/bugreport/, sun.io.unicode.encoding=UnicodeBig, sun.cpu.endian=little, socksNonProxyHosts=local|*.local|169.254/16|*.169.254/16, ftp.nonProxyHosts=local|*.local|169.254/16|*.169.254/16, sun.cpu.isalist=}}, SystemEnvironmentPropertySource@377732488 {name='systemEnvironment', properties={PATH=/usr/local/bin/:/usr/bin:/bin:/usr/sbin:/sbin, JAVA_ARCH=x86_64, TERM=xterm-256color, LANG=en_US.UTF-8, APP_NAME_91238=Gradle, APP_ICON_91238=/Users/sreedharjoshi/Documents/learning/doing/ATypicalEnterpriseMicroservice/CodingService/media/gradle.icns, ITERM_SESSION_ID=w0t0p0:B0532958-FAA0-41BA-8091-0CD183F0BAE8, COLORTERM=truecolor, JAVA_MAIN_CLASS_91251=worker.org.gradle.process.internal.worker.GradleWorkerMain, LOGNAME=sreedharjoshi, TERM_PROGRAM_VERSION=3.1.6, PWD=/Users/sreedharjoshi/Documents/learning/doing/ATypicalEnterpriseMicroservice/CodingService, XPC_SERVICE_NAME=0, JAVA_MAIN_CLASS_91238=org.gradle.wrapper.GradleWrapperMain, SHELL=/bin/bash, TERM_PROGRAM=iTerm.app, PAGER=less, LSCOLORS=Gxfxcxdxbxegedabagacad, OLDPWD=/Users/sreedharjoshi/Documents/learning/doing/ATypicalEnterpriseMicroservice/CodingService, USER=sreedharjoshi, ZSH=/Users/sreedharjoshi/.oh-my-zsh, ITERM_PROFILE=Default, TMPDIR=/var/folders/j7/bskntg2d28j362tnyydx5qhr0000gn/T/, SSH_AUTH_SOCK=/private/tmp/com.apple.launchd.mxftdzoKPN/Listeners, XPC_FLAGS=0x0, TERM_SESSION_ID=w0t0p0:B0532958-FAA0-41BA-8091-0CD183F0BAE8, __CF_USER_TEXT_ENCODING=0x1F5:0x0:0x0, Apple_PubSub_Socket_Render=/private/tmp/com.apple.launchd.kVofOQGQjn/Render, LESS=-R, com.apple.java.jvmTask=CommandLine, COLORFGBG=7;0, LC_CTYPE=en_US.UTF-8, SHLVL=1, HOME=/Users/sreedharjoshi}}]
10:32:51.612 [Test worker] DEBUG org.springframework.core.io.support.PathMatchingResourcePatternResolver - Resolved classpath location [com/enterprise/codingService/] to resources [URL [file:/Users/sreedharjoshi/Documents/learning/doing/ATypicalEnterpriseMicroservice/CodingService/build/classes/java/test/com/enterprise/codingService/], URL [file:/Users/sreedharjoshi/Documents/learning/doing/ATypicalEnterpriseMicroservice/CodingService/build/classes/java/main/com/enterprise/codingService/]]
10:32:51.612 [Test worker] DEBUG org.springframework.core.io.support.PathMatchingResourcePatternResolver - Looking for matching resources in directory tree [/Users/sreedharjoshi/Documents/learning/doing/ATypicalEnterpriseMicroservice/CodingService/build/classes/java/test/com/enterprise/codingService]
10:32:51.613 [Test worker] DEBUG org.springframework.core.io.support.PathMatchingResourcePatternResolver - Searching directory [/Users/sreedharjoshi/Documents/learning/doing/ATypicalEnterpriseMicroservice/CodingService/build/classes/java/test/com/enterprise/codingService] for files matching pattern [/Users/sreedharjoshi/Documents/learning/doing/ATypicalEnterpriseMicroservice/CodingService/build/classes/java/test/com/enterprise/codingService/*.class]
10:32:51.615 [Test worker] DEBUG org.springframework.core.io.support.PathMatchingResourcePatternResolver - Looking for matching resources in directory tree [/Users/sreedharjoshi/Documents/learning/doing/ATypicalEnterpriseMicroservice/CodingService/build/classes/java/main/com/enterprise/codingService]
10:32:51.615 [Test worker] DEBUG org.springframework.core.io.support.PathMatchingResourcePatternResolver - Searching directory [/Users/sreedharjoshi/Documents/learning/doing/ATypicalEnterpriseMicroservice/CodingService/build/classes/java/main/com/enterprise/codingService] for files matching pattern [/Users/sreedharjoshi/Documents/learning/doing/ATypicalEnterpriseMicroservice/CodingService/build/classes/java/main/com/enterprise/codingService/*.class]
10:32:51.616 [Test worker] DEBUG org.springframework.core.io.support.PathMatchingResourcePatternResolver - Resolved location pattern [classpath*:com/enterprise/codingService/*.class] to resources [file [/Users/sreedharjoshi/Documents/learning/doing/ATypicalEnterpriseMicroservice/CodingService/build/classes/java/test/com/enterprise/codingService/CodingControllerTest.class], file [/Users/sreedharjoshi/Documents/learning/doing/ATypicalEnterpriseMicroservice/CodingService/build/classes/java/test/com/enterprise/codingService/CodingServiceApplicationTests.class], file [/Users/sreedharjoshi/Documents/learning/doing/ATypicalEnterpriseMicroservice/CodingService/build/classes/java/main/com/enterprise/codingService/CodingController.class], file [/Users/sreedharjoshi/Documents/learning/doing/ATypicalEnterpriseMicroservice/CodingService/build/classes/java/main/com/enterprise/codingService/CodingServiceApplication.class]]
10:32:51.679 [Test worker] DEBUG org.springframework.context.annotation.ClassPathScanningCandidateComponentProvider - Identified candidate component class: file [/Users/sreedharjoshi/Documents/learning/doing/ATypicalEnterpriseMicroservice/CodingService/build/classes/java/main/com/enterprise/codingService/CodingServiceApplication.class]
10:32:51.681 [Test worker] INFO org.springframework.boot.test.context.SpringBootTestContextBootstrapper - Found @SpringBootConfiguration com.enterprise.codingService.CodingServiceApplication for test class com.enterprise.codingService.CodingServiceApplicationTests
10:32:51.803 [Test worker] DEBUG org.springframework.boot.test.context.SpringBootTestContextBootstrapper - @TestExecutionListeners is not present for class [com.enterprise.codingService.CodingServiceApplicationTests]: using defaults.
10:32:51.804 [Test worker] INFO org.springframework.boot.test.context.SpringBootTestContextBootstrapper - Loaded default TestExecutionListener class names from location [META-INF/spring.factories]: [org.springframework.boot.test.autoconfigure.restdocs.RestDocsTestExecutionListener, org.springframework.boot.test.autoconfigure.web.client.MockRestServiceServerResetTestExecutionListener, org.springframework.boot.test.autoconfigure.web.servlet.MockMvcPrintOnlyOnFailureTestExecutionListener, org.springframework.boot.test.autoconfigure.web.servlet.WebDriverTestExecutionListener, org.springframework.boot.test.mock.mockito.MockitoTestExecutionListener, org.springframework.boot.test.mock.mockito.ResetMocksTestExecutionListener, org.springframework.test.context.web.ServletTestExecutionListener, org.springframework.test.context.support.DirtiesContextBeforeModesTestExecutionListener, org.springframework.test.context.support.DependencyInjectionTestExecutionListener, org.springframework.test.context.support.DirtiesContextTestExecutionListener, org.springframework.test.context.transaction.TransactionalTestExecutionListener, org.springframework.test.context.jdbc.SqlScriptsTestExecutionListener]
10:32:51.814 [Test worker] DEBUG org.springframework.boot.test.context.SpringBootTestContextBootstrapper - Skipping candidate TestExecutionListener [org.springframework.test.context.transaction.TransactionalTestExecutionListener] due to a missing dependency. Specify custom listener classes or make the default listener classes and their required dependencies available. Offending class: [org/springframework/transaction/interceptor/TransactionAttributeSource]
10:32:51.815 [Test worker] DEBUG org.springframework.boot.test.context.SpringBootTestContextBootstrapper - Skipping candidate TestExecutionListener [org.springframework.test.context.jdbc.SqlScriptsTestExecutionListener] due to a missing dependency. Specify custom listener classes or make the default listener classes and their required dependencies available. Offending class: [org/springframework/transaction/interceptor/TransactionAttribute]
10:32:51.815 [Test worker] INFO org.springframework.boot.test.context.SpringBootTestContextBootstrapper - Using TestExecutionListeners: [org.springframework.test.context.web.ServletTestExecutionListener@263019c2, org.springframework.test.context.support.DirtiesContextBeforeModesTestExecutionListener@3951eb1b, org.springframework.boot.test.mock.mockito.MockitoTestExecutionListener@733aaad4, org.springframework.boot.test.autoconfigure.SpringBootDependencyInjectionTestExecutionListener@47dca844, org.springframework.test.context.support.DirtiesContextTestExecutionListener@61045774, org.springframework.boot.test.autoconfigure.restdocs.RestDocsTestExecutionListener@57bb617c, org.springframework.boot.test.autoconfigure.web.client.MockRestServiceServerResetTestExecutionListener@71711d55, org.springframework.boot.test.autoconfigure.web.servlet.MockMvcPrintOnlyOnFailureTestExecutionListener@534d05b7, org.springframework.boot.test.autoconfigure.web.servlet.WebDriverTestExecutionListener@10b1575d, org.springframework.boot.test.mock.mockito.ResetMocksTestExecutionListener@1c0d74b6]
10:32:51.817 [Test worker] DEBUG org.springframework.test.annotation.ProfileValueUtils - Retrieved @ProfileValueSourceConfiguration [null] for test class [com.enterprise.codingService.CodingServiceApplicationTests]
10:32:51.817 [Test worker] DEBUG org.springframework.test.annotation.ProfileValueUtils - Retrieved ProfileValueSource type [class org.springframework.test.annotation.SystemProfileValueSource] for class [com.enterprise.codingService.CodingServiceApplicationTests]
10:32:51.817 [Test worker] DEBUG org.springframework.test.annotation.ProfileValueUtils - Retrieved @ProfileValueSourceConfiguration [null] for test class [com.enterprise.codingService.CodingServiceApplicationTests]
10:32:51.817 [Test worker] DEBUG org.springframework.test.annotation.ProfileValueUtils - Retrieved ProfileValueSource type [class org.springframework.test.annotation.SystemProfileValueSource] for class [com.enterprise.codingService.CodingServiceApplicationTests]
10:32:51.821 [Test worker] DEBUG org.springframework.test.context.support.AbstractDirtiesContextTestExecutionListener - Before test class: context [DefaultTestContext@20cee1a0 testClass = CodingServiceApplicationTests, testInstance = [null], testMethod = [null], testException = [null], mergedContextConfiguration = [WebMergedContextConfiguration@3d3d9948 testClass = CodingServiceApplicationTests, locations = '{}', classes = '{class com.enterprise.codingService.CodingServiceApplication}', contextInitializerClasses = '[]', activeProfiles = '{}', propertySourceLocations = '{}', propertySourceProperties = '{org.springframework.boot.test.context.SpringBootTestContextBootstrapper=true}', contextCustomizers = set[org.springframework.boot.test.autoconfigure.properties.PropertyMappingContextCustomizer@0, org.springframework.boot.test.autoconfigure.web.servlet.WebDriverContextCustomizerFactory$Customizer@426d1fed, org.springframework.boot.test.context.filter.ExcludeFilterContextCustomizer@a3377d9, org.springframework.boot.test.json.DuplicateJsonObjectContextCustomizerFactory$DuplicateJsonObjectContextCustomizer@1ce49758, org.springframework.boot.test.mock.mockito.MockitoContextCustomizer@0, org.springframework.boot.test.web.client.TestRestTemplateContextCustomizer@3a1815a2], resourceBasePath = 'src/main/webapp', contextLoader = 'org.springframework.boot.test.context.SpringBootContextLoader', parent = [null]], attributes = map['org.springframework.test.context.web.ServletTestExecutionListener.activateListener' -> true]], class annotated with @DirtiesContext [false] with mode [null].
10:32:51.821 [Test worker] DEBUG org.springframework.test.annotation.ProfileValueUtils - Retrieved @ProfileValueSourceConfiguration [null] for test class [com.enterprise.codingService.CodingServiceApplicationTests]
10:32:51.821 [Test worker] DEBUG org.springframework.test.annotation.ProfileValueUtils - Retrieved ProfileValueSource type [class org.springframework.test.annotation.SystemProfileValueSource] for class [com.enterprise.codingService.CodingServiceApplicationTests]
10:32:51.837 [Test worker] DEBUG org.springframework.core.env.StandardEnvironment - Adding PropertySource 'systemProperties' with lowest search precedence
10:32:51.837 [Test worker] DEBUG org.springframework.core.env.StandardEnvironment - Adding PropertySource 'systemEnvironment' with lowest search precedence
10:32:51.837 [Test worker] DEBUG org.springframework.core.env.StandardEnvironment - Initialized StandardEnvironment with PropertySources [MapPropertySource@322984100 {name='systemProperties', properties={java.runtime.name=Java(TM) SE Runtime Environment, sun.boot.library.path=/Library/Java/JavaVirtualMachines/jdk1.8.0_171.jdk/Contents/Home/jre/lib, java.vm.version=25.171-b11, gopherProxySet=false, java.vm.vendor=Oracle Corporation, java.vendor.url=http://java.oracle.com/, path.separator=:, java.vm.name=Java HotSpot(TM) 64-Bit Server VM, file.encoding.pkg=sun.io, sun.java.launcher=SUN_STANDARD, user.country=US, sun.os.patch.level=unknown, java.vm.specification.name=Java Virtual Machine Specification, user.dir=/Users/sreedharjoshi/Documents/learning/doing/ATypicalEnterpriseMicroservice/CodingService, java.runtime.version=1.8.0_171-b11, java.awt.graphicsenv=sun.awt.CGraphicsEnvironment, java.endorsed.dirs=/Library/Java/JavaVirtualMachines/jdk1.8.0_171.jdk/Contents/Home/jre/lib/endorsed, os.arch=x86_64, java.io.tmpdir=/var/folders/j7/bskntg2d28j362tnyydx5qhr0000gn/T/, line.separator=
, java.vm.specification.vendor=Oracle Corporation, user.variant=, os.name=Mac OS X, sun.jnu.encoding=UTF-8, java.library.path=/Users/sreedharjoshi/Library/Java/Extensions:/Library/Java/Extensions:/Network/Library/Java/Extensions:/System/Library/Java/Extensions:/usr/lib/java:., java.specification.name=Java Platform API Specification, java.class.version=52.0, org.gradle.native=false, sun.management.compiler=HotSpot 64-Bit Tiered Compilers, os.version=10.13.4, http.nonProxyHosts=local|*.local|169.254/16|*.169.254/16, user.home=/Users/sreedharjoshi, user.timezone=America/Los_Angeles, java.awt.printerjob=sun.lwawt.macosx.CPrinterJob, file.encoding=UTF-8, java.specification.version=1.8, java.class.path=/Users/sreedharjoshi/Documents/learning/doing/ATypicalEnterpriseMicroservice/CodingService/build/classes/java/test:/Users/sreedharjoshi/Documents/learning/doing/ATypicalEnterpriseMicroservice/CodingService/build/resources/test:/Users/sreedharjoshi/Documents/learning/doing/ATypicalEnterpriseMicroservice/CodingService/build/classes/java/main:/Users/sreedharjoshi/Documents/learning/doing/ATypicalEnterpriseMicroservice/CodingService/build/resources/main:/Users/sreedharjoshi/.gradle/caches/modules-2/files-2.1/org.springframework.boot/spring-boot-starter-web/2.0.1.RELEASE/88751ed76791d12425ce5a80476baf1749a44cf4/spring-boot-starter-web-2.0.1.RELEASE.jar:/Users/sreedharjoshi/.gradle/caches/modules-2/files-2.1/org.springframework.boot/spring-boot-starter-actuator/2.0.1.RELEASE/1ae431903895eabeccbdd611580ce63b374ccd1b/spring-boot-starter-actuator-2.0.1.RELEASE.jar:/Users/sreedharjoshi/.gradle/caches/modules-2/files-2.1/org.springframework.cloud/spring-cloud-starter-zipkin/2.0.0.RC1/fa8320dc072cf8e1672625c760fd4341d50223c6/spring-cloud-starter-zipkin-2.0.0.RC1.jar:/Users/sreedharjoshi/.gradle/caches/modules-2/files-2.1/org.springframework.cloud/spring-cloud-starter-sleuth/2.0.0.RC1/5b04563a8b27d0fcf4047106232ab4fc303f196/spring-cloud-starter-sleuth-2.0.0.RC1.jar:/Users/sreedharjoshi/.gradle/caches/modules-2/files-2.1/org.springframework.boot/spring-boot-starter-test/2.0.1.RELEASE/d6204ede44fa7e1df01d25509837bfa4b767fa28/spring-boot-starter-test-2.0.1.RELEASE.jar:/Users/sreedharjoshi/.gradle/caches/modules-2/files-2.1/org.springframework.boot/spring-boot-starter-json/2.0.1.RELEASE/f2e1aeeb1ac02bfa1b4f7254633484af1866fc65/spring-boot-starter-json-2.0.1.RELEASE.jar:/Users/sreedharjoshi/.gradle/caches/modules-2/files-2.1/org.springframework.cloud/spring-cloud-starter/2.0.0.RC1/faad89078a2a46f61db46680024322932c1a0bfd/spring-cloud-starter-2.0.0.RC1.jar:/Users/sreedharjoshi/.gradle/caches/modules-2/files-2.1/org.springframework.boot/spring-boot-starter-aop/2.0.1.RELEASE/c7f7b5b5e63edca2fb04899d13d8bad83377b4b3/spring-boot-starter-aop-2.0.1.RELEASE.jar:/Users/sreedharjoshi/.gradle/caches/modules-2/files-2.1/org.springframework.boot/spring-boot-starter/2.0.1.RELEASE/33abc1286b0aabea4f08ff4285d09e587835a716/spring-boot-starter-2.0.1.RELEASE.jar:/Users/sreedharjoshi/.gradle/caches/modules-2/files-2.1/org.springframework.boot/spring-boot-starter-tomcat/2.0.1.RELEASE/4b46f4aaff6c8a5a1c8184996d5e9e8a9354db8d/spring-boot-starter-tomcat-2.0.1.RELEASE.jar:/Users/sreedharjoshi/.gradle/caches/modules-2/files-2.1/org.hibernate.validator/hibernate-validator/6.0.9.Final/b149e4cce82379f11f6129eb3187ca8ae5404005/hibernate-validator-6.0.9.Final.jar:/Users/sreedharjoshi/.gradle/caches/modules-2/files-2.1/org.springframework/spring-webmvc/5.0.5.RELEASE/a7fd53c7ad06b0fa7dd4ff347de1b2dc508739e/spring-webmvc-5.0.5.RELEASE.jar:/Users/sreedharjoshi/.gradle/caches/modules-2/files-2.1/org.springframework.cloud/spring-cloud-sleuth-zipkin/2.0.0.RC1/374808cb9668e0c6d825d9cc85601d56118aa9db/spring-cloud-sleuth-zipkin-2.0.0.RC1.jar:/Users/sreedharjoshi/.gradle/caches/modules-2/files-2.1/org.springframework/spring-web/5.0.5.RELEASE/d51dbb5cabe72ae02e400577bac48f7fc94088de/spring-web-5.0.5.RELEASE.jar:/Users/sreedharjoshi/.gradle/caches/modules-2/files-2.1/org.springframework.boot/spring-boot-actuator-autoconfigure/2.0.1.RELEASE/794aa7d6b6e05563c69a4684d2f5b7c78e209b0a/spring-boot-actuator-autoconfigure-2.0.1.RELEASE.jar:/Users/sreedharjoshi/.gradle/caches/modules-2/files-2.1/io.micrometer/micrometer-core/1.0.3/8234fa7ea2b2d6f7147209dcaaa7cd347951d5eb/micrometer-core-1.0.3.jar:/Users/sreedharjoshi/.gradle/caches/modules-2/files-2.1/org.springframework.cloud/spring-cloud-sleuth-core/2.0.0.RC1/cb2def7a91f3a9d14f0fff8002c519cb799e6363/spring-cloud-sleuth-core-2.0.0.RC1.jar:/Users/sreedharjoshi/.gradle/caches/modules-2/files-2.1/org.springframework.boot/spring-boot-test-autoconfigure/2.0.1.RELEASE/c7a68c07f2a04323a67740f91d20818ec2e783b3/spring-boot-test-autoconfigure-2.0.1.RELEASE.jar:/Users/sreedharjoshi/.gradle/caches/modules-2/files-2.1/org.springframework.boot/spring-boot-test/2.0.1.RELEASE/77cede07b0e9da6c87d0dabcfe3e53ac56747d73/spring-boot-test-2.0.1.RELEASE.jar:/Users/sreedharjoshi/.gradle/caches/modules-2/files-2.1/com.jayway.jsonpath/json-path/2.4.0/765a4401ceb2dc8d40553c2075eb80a8fa35c2ae/json-path-2.4.0.jar:/Users/sreedharjoshi/.gradle/caches/modules-2/files-2.1/junit/junit/4.12/2973d150c0dc1fefe998f834810d68f278ea58ec/junit-4.12.jar:/Users/sreedharjoshi/.gradle/caches/modules-2/files-2.1/org.assertj/assertj-core/3.8.0/b209d90ff2e279bee3e02547ee7b11349c52d0e3/assertj-core-3.8.0.jar:/Users/sreedharjoshi/.gradle/caches/modules-2/files-2.1/org.mockito/mockito-core/2.15.0/b84bfbbc29cd22c9529409627af6ea2897f4fa85/mockito-core-2.15.0.jar:/Users/sreedharjoshi/.gradle/caches/modules-2/files-2.1/org.hamcrest/hamcrest-library/1.3/4785a3c21320980282f9f33d0d1264a69040538f/hamcrest-library-1.3.jar:/Users/sreedharjoshi/.gradle/caches/modules-2/files-2.1/org.hamcrest/hamcrest-core/1.3/42a25dc3219429f0e5d060061f71acb49bf010a0/hamcrest-core-1.3.jar:/Users/sreedharjoshi/.gradle/caches/modules-2/files-2.1/org.skyscreamer/jsonassert/1.5.0/6c9d5fe2f59da598d9aefc1cfc6528ff3cf32df3/jsonassert-1.5.0.jar:/Users/sreedharjoshi/.gradle/caches/modules-2/files-2.1/org.springframework/spring-test/5.0.5.RELEASE/f7e3b83447e54056a91de1294ae6888343648dff/spring-test-5.0.5.RELEASE.jar:/Users/sreedharjoshi/.gradle/caches/modules-2/files-2.1/org.springframework.boot/spring-boot-autoconfigure/2.0.1.RELEASE/b0bf9d34ed70c6987a86cd58a009065e5fa02545/spring-boot-autoconfigure-2.0.1.RELEASE.jar:/Users/sreedharjoshi/.gradle/caches/modules-2/files-2.1/org.springframework.boot/spring-boot-actuator/2.0.1.RELEASE/aab310ca611fbdb3fe0f74f3f8644ee012abac8d/spring-boot-actuator-2.0.1.RELEASE.jar:/Users/sreedharjoshi/.gradle/caches/modules-2/files-2.1/org.springframework.boot/spring-boot/2.0.1.RELEASE/b8c5b14cbb0e52fdded8f98a8c1493cc74c7cf59/spring-boot-2.0.1.RELEASE.jar:/Users/sreedharjoshi/.gradle/caches/modules-2/files-2.1/org.springframework/spring-context/5.0.5.RELEASE/9cca4bf5acb693249a01c218f471c677b951d6e2/spring-context-5.0.5.RELEASE.jar:/Users/sreedharjoshi/.gradle/caches/modules-2/files-2.1/org.springframework/spring-expression/5.0.5.RELEASE/fc6c7a95aeb7d00f4c65c338b08d97767eb0dd99/spring-expression-5.0.5.RELEASE.jar:/Users/sreedharjoshi/.gradle/caches/modules-2/files-2.1/org.springframework/spring-aop/5.0.5.RELEASE/b11b61b94d7fb752a1c9bf3461d655c3084fae47/spring-aop-5.0.5.RELEASE.jar:/Users/sreedharjoshi/.gradle/caches/modules-2/files-2.1/org.springframework/spring-beans/5.0.5.RELEASE/984445863c0bbdaaf860615762d998b471a6bf92/spring-beans-5.0.5.RELEASE.jar:/Users/sreedharjoshi/.gradle/caches/modules-2/files-2.1/org.springframework/spring-core/5.0.5.RELEASE/1bd9feb1d9dac6accd27f5244b6c47cfcb55045c/spring-core-5.0.5.RELEASE.jar:/Users/sreedharjoshi/.gradle/caches/modules-2/files-2.1/org.xmlunit/xmlunit-core/2.5.1/4ffdb346572a7356f7521cd3119ce5287d2e339d/xmlunit-core-2.5.1.jar:/Users/sreedharjoshi/.gradle/caches/modules-2/files-2.1/org.springframework.boot/spring-boot-starter-logging/2.0.1.RELEASE/10681a28c95e9f9c0159327a1ed0c860517c7ad7/spring-boot-starter-logging-2.0.1.RELEASE.jar:/Users/sreedharjoshi/.gradle/caches/modules-2/files-2.1/javax.annotation/javax.annotation-api/1.3.2/934c04d3cfef185a8008e7bf34331b79730a9d43/javax.annotation-api-1.3.2.jar:/Users/sreedharjoshi/.gradle/caches/modules-2/files-2.1/org.yaml/snakeyaml/1.19/2d998d3d674b172a588e54ab619854d073f555b5/snakeyaml-1.19.jar:/Users/sreedharjoshi/.gradle/caches/modules-2/files-2.1/com.fasterxml.jackson.datatype/jackson-datatype-jdk8/2.9.5/23e37f085279ba316c0df923513b81609e1d1f6/jackson-datatype-jdk8-2.9.5.jar:/Users/sreedharjoshi/.gradle/caches/modules-2/files-2.1/com.fasterxml.jackson.datatype/jackson-datatype-jsr310/2.9.5/d1f0d11e816bc04e222a261106ca138801841c2d/jackson-datatype-jsr310-2.9.5.jar:/Users/sreedharjoshi/.gradle/caches/modules-2/files-2.1/com.fasterxml.jackson.module/jackson-module-parameter-names/2.9.5/f824c60751ffb7bfc3a0d30dfe0e42317d8e67f5/jackson-module-parameter-names-2.9.5.jar:/Users/sreedharjoshi/.gradle/caches/modules-2/files-2.1/com.fasterxml.jackson.core/jackson-databind/2.9.5/3490508379d065fe3fcb80042b62f630f7588606/jackson-databind-2.9.5.jar:/Users/sreedharjoshi/.gradle/caches/modules-2/files-2.1/org.apache.tomcat.embed/tomcat-embed-websocket/8.5.29/37786f4ca8a1597a91a0f437e659a76d1fcc5bf1/tomcat-embed-websocket-8.5.29.jar:/Users/sreedharjoshi/.gradle/caches/modules-2/files-2.1/org.apache.tomcat.embed/tomcat-embed-core/8.5.29/51eac5adde4bc019261b787cb99e5548206908e6/tomcat-embed-core-8.5.29.jar:/Users/sreedharjoshi/.gradle/caches/modules-2/files-2.1/org.apache.tomcat.embed/tomcat-embed-el/8.5.29/893fb2c87ec1aa248a7911d76c0c06b3fca6bc9b/tomcat-embed-el-8.5.29.jar:/Users/sreedharjoshi/.gradle/caches/modules-2/files-2.1/javax.validation/validation-api/2.0.1.Final/cb855558e6271b1b32e716d24cb85c7f583ce09e/validation-api-2.0.1.Final.jar:/Users/sreedharjoshi/.gradle/caches/modules-2/files-2.1/org.jboss.logging/jboss-logging/3.3.2.Final/3789d00e859632e6c6206adc0c71625559e6e3b0/jboss-logging-3.3.2.Final.jar:/Users/sreedharjoshi/.gradle/caches/modules-2/files-2.1/com.fasterxml/classmate/1.3.4/3d5f48f10bbe4eb7bd862f10c0583be2e0053c6/classmate-1.3.4.jar:/Users/sreedharjoshi/.gradle/caches/modules-2/files-2.1/org.hdrhistogram/HdrHistogram/2.1.10/9e1ac84eed220281841b75e72fb9de5a297fbf04/HdrHistogram-2.1.10.jar:/Users/sreedharjoshi/.gradle/caches/modules-2/files-2.1/org.latencyutils/LatencyUtils/2.0.3/769c0b82cb2421c8256300e907298a9410a2a3d3/LatencyUtils-2.0.3.jar:/Users/sreedharjoshi/.gradle/caches/modules-2/files-2.1/org.springframework.cloud/spring-cloud-context/2.0.0.RC1/3796b40f5c6891591ccc2a64961b9b6c7d734e1e/spring-cloud-context-2.0.0.RC1.jar:/Users/sreedharjoshi/.gradle/caches/modules-2/files-2.1/org.springframework.cloud/spring-cloud-commons/2.0.0.RC1/acd643839f27c5c515ad1b4a68437d42179b6751/spring-cloud-commons-2.0.0.RC1.jar:/Users/sreedharjoshi/.gradle/caches/modules-2/files-2.1/org.springframework.security/spring-security-rsa/1.0.5.RELEASE/31bd1111ada2f455eb0f492ed09e39deda18ca99/spring-security-rsa-1.0.5.RELEASE.jar:/Users/sreedharjoshi/.gradle/caches/modules-2/files-2.1/org.aspectj/aspectjweaver/1.8.13/ad94df2a28d658a40dc27bbaff6a1ce5fbf04e9b/aspectjweaver-1.8.13.jar:/Users/sreedharjoshi/.gradle/caches/modules-2/files-2.1/org.aspectj/aspectjrt/1.8.13/bfc5a877fd80648e5467239d370735654aaf7a92/aspectjrt-1.8.13.jar:/Users/sreedharjoshi/.gradle/caches/modules-2/files-2.1/io.zipkin.brave/brave-context-log4j2/4.19.0/5578902b5f0cd962e3d8bc96a8c9d540b89c4293/brave-context-log4j2-4.19.0.jar:/Users/sreedharjoshi/.gradle/caches/modules-2/files-2.1/io.zipkin.brave/brave-instrumentation-spring-web/4.19.0/d8c3b45398aab656b5821fcaf2695817f0f325a4/brave-instrumentation-spring-web-4.19.0.jar:/Users/sreedharjoshi/.gradle/caches/modules-2/files-2.1/io.zipkin.brave/brave-instrumentation-spring-rabbit/4.19.0/b5ecbee7d546de4d0b7bee6755570902c44b2443/brave-instrumentation-spring-rabbit-4.19.0.jar:/Users/sreedharjoshi/.gradle/caches/modules-2/files-2.1/io.zipkin.brave/brave-instrumentation-kafka-clients/4.19.0/d5eb819027c4c109ad64fec08193fe54a7485b2f/brave-instrumentation-kafka-clients-4.19.0.jar:/Users/sreedharjoshi/.gradle/caches/modules-2/files-2.1/io.zipkin.brave/brave-instrumentation-httpclient/4.19.0/1b0a2a91923a110c33d04b5f138b4f578f16fbf8/brave-instrumentation-httpclient-4.19.0.jar:/Users/sreedharjoshi/.gradle/caches/modules-2/files-2.1/io.zipkin.brave/brave-instrumentation-httpasyncclient/4.19.0/241b9ae1a357a5b3f9807998313c471bba3269c2/brave-instrumentation-httpasyncclient-4.19.0.jar:/Users/sreedharjoshi/.gradle/caches/modules-2/files-2.1/io.zipkin.brave/brave-instrumentation-spring-webmvc/4.19.0/46cede69fe92f5e6cbdbe7b8c818fce920fd665f/brave-instrumentation-spring-webmvc-4.19.0.jar:/Users/sreedharjoshi/.gradle/caches/modules-2/files-2.1/io.zipkin.brave/brave-instrumentation-servlet/4.19.0/567cbe71dbb6e4036dc8591db627925503783718/brave-instrumentation-servlet-4.19.0.jar:/Users/sreedharjoshi/.gradle/caches/modules-2/files-2.1/io.zipkin.brave/brave-instrumentation-http/4.19.0/3f2e33582528f4e1d639c14c7544e4ba7ab8a3d/brave-instrumentation-http-4.19.0.jar:/Users/sreedharjoshi/.gradle/caches/modules-2/files-2.1/io.zipkin.brave/brave/4.19.0/73a9ae08397d000fd625516059051de685fdbf5d/brave-4.19.0.jar:/Users/sreedharjoshi/.gradle/caches/modules-2/files-2.1/io.zipkin.reporter2/zipkin-sender-kafka11/2.5.0/d18c68955903e7f686a406f6bee5f9941e35dbb0/zipkin-sender-kafka11-2.5.0.jar:/Users/sreedharjoshi/.gradle/caches/modules-2/files-2.1/io.zipkin.reporter2/zipkin-sender-amqp-client/2.5.0/56fabd5ca2a8712d8262fbc553db535fc19b5ecc/zipkin-sender-amqp-client-2.5.0.jar:/Users/sreedharjoshi/.gradle/caches/modules-2/files-2.1/io.zipkin.reporter2/zipkin-reporter/2.5.0/234f573c5f09c08906d5ef33e38bcc5fc4069b23/zipkin-reporter-2.5.0.jar:/Users/sreedharjoshi/.gradle/caches/modules-2/files-2.1/io.zipkin.zipkin2/zipkin/2.6.1/aba91583e9b024bd86beea4e54fa6d4c9a1eab58/zipkin-2.6.1.jar:/Users/sreedharjoshi/.gradle/caches/modules-2/files-2.1/net.minidev/json-smart/2.3/7396407491352ce4fa30de92efb158adb76b5b/json-smart-2.3.jar:/Users/sreedharjoshi/.gradle/caches/modules-2/files-2.1/ch.qos.logback/logback-classic/1.2.3/7c4f3c474fb2c041d8028740440937705ebb473a/logback-classic-1.2.3.jar:/Users/sreedharjoshi/.gradle/caches/modules-2/files-2.1/org.apache.logging.log4j/log4j-to-slf4j/2.10.0/f7e631ccf49cfc0aefa4a2a728da7d374c05bd3c/log4j-to-slf4j-2.10.0.jar:/Users/sreedharjoshi/.gradle/caches/modules-2/files-2.1/org.slf4j/jul-to-slf4j/1.7.25/af5364cd6679bfffb114f0dec8a157aaa283b76/jul-to-slf4j-1.7.25.jar:/Users/sreedharjoshi/.gradle/caches/modules-2/files-2.1/org.slf4j/slf4j-api/1.7.25/da76ca59f6a57ee3102f8f9bd9cee742973efa8a/slf4j-api-1.7.25.jar:/Users/sreedharjoshi/.gradle/caches/modules-2/files-2.1/net.bytebuddy/byte-buddy/1.7.11/f02857a4e2c66ccbe7aaad6100a0a6c461bce9b3/byte-buddy-1.7.11.jar:/Users/sreedharjoshi/.gradle/caches/modules-2/files-2.1/net.bytebuddy/byte-buddy-agent/1.7.11/b425a8933ca07edd03c6dbc8bc3b595fba9780de/byte-buddy-agent-1.7.11.jar:/Users/sreedharjoshi/.gradle/caches/modules-2/files-2.1/org.objenesis/objenesis/2.1/87c0ea803b69252868d09308b4618f766f135a96/objenesis-2.1.jar:/Users/sreedharjoshi/.gradle/caches/modules-2/files-2.1/com.vaadin.external.google/android-json/0.0.20131108.vaadin1/fa26d351fe62a6a17f5cda1287c1c6110dec413f/android-json-0.0.20131108.vaadin1.jar:/Users/sreedharjoshi/.gradle/caches/modules-2/files-2.1/org.springframework/spring-jcl/5.0.5.RELEASE/f4a2854b9d865e8b86717595aec16f877f8c6489/spring-jcl-5.0.5.RELEASE.jar:/Users/sreedharjoshi/.gradle/caches/modules-2/files-2.1/com.fasterxml.jackson.core/jackson-annotations/2.9.0/7c10d545325e3a6e72e06381afe469fd40eb701/jackson-annotations-2.9.0.jar:/Users/sreedharjoshi/.gradle/caches/modules-2/files-2.1/com.fasterxml.jackson.core/jackson-core/2.9.5/a22ac51016944b06fd9ffbc9541c6e7ce5eea117/jackson-core-2.9.5.jar:/Users/sreedharjoshi/.gradle/caches/modules-2/files-2.1/org.springframework.security/spring-security-crypto/5.0.4.RELEASE/6ad3fe82501c2d78b61ebc6f6c19ab8ab9092898/spring-security-crypto-5.0.4.RELEASE.jar:/Users/sreedharjoshi/.gradle/caches/modules-2/files-2.1/org.apache.httpcomponents/httpclient/4.5.5/1603dfd56ebcd583ccdf337b6c3984ac55d89e58/httpclient-4.5.5.jar:/Users/sreedharjoshi/.gradle/caches/modules-2/files-2.1/org.bouncycastle/bcpkix-jdk15on/1.56/4648af70268b6fdb24674fb1fd7c1fcc73db1231/bcpkix-jdk15on-1.56.jar:/Users/sreedharjoshi/.gradle/caches/modules-2/files-2.1/net.minidev/accessors-smart/1.2/c592b500269bfde36096641b01238a8350f8aa31/accessors-smart-1.2.jar:/Users/sreedharjoshi/.gradle/caches/modules-2/files-2.1/ch.qos.logback/logback-core/1.2.3/864344400c3d4d92dfeb0a305dc87d953677c03c/logback-core-1.2.3.jar:/Users/sreedharjoshi/.gradle/caches/modules-2/files-2.1/org.apache.logging.log4j/log4j-api/2.10.0/fec5797a55b786184a537abd39c3fa1449d752d6/log4j-api-2.10.0.jar:/Users/sreedharjoshi/.gradle/caches/modules-2/files-2.1/org.apache.httpcomponents/httpcore/4.4.9/a86ce739e5a7175b4b234c290a00a5fdb80957a0/httpcore-4.4.9.jar:/Users/sreedharjoshi/.gradle/caches/modules-2/files-2.1/commons-codec/commons-codec/1.11/3acb4705652e16236558f0f4f2192cc33c3bd189/commons-codec-1.11.jar:/Users/sreedharjoshi/.gradle/caches/modules-2/files-2.1/org.bouncycastle/bcprov-jdk15on/1.56/a153c6f9744a3e9dd6feab5e210e1c9861362ec7/bcprov-jdk15on-1.56.jar:/Users/sreedharjoshi/.gradle/caches/modules-2/files-2.1/org.ow2.asm/asm/5.0.4/da08b8cce7bbf903602a25a3a163ae252435795/asm-5.0.4.jar, user.name=sreedharjoshi, java.vm.specification.version=1.8, sun.java.command=worker.org.gradle.process.internal.worker.GradleWorkerMain 'Gradle Test Executor 1', java.home=/Library/Java/JavaVirtualMachines/jdk1.8.0_171.jdk/Contents/Home/jre, sun.arch.data.model=64, user.language=en, java.specification.vendor=Oracle Corporation, awt.toolkit=sun.lwawt.macosx.LWCToolkit, java.vm.info=mixed mode, java.version=1.8.0_171, java.ext.dirs=/Users/sreedharjoshi/Library/Java/Extensions:/Library/Java/JavaVirtualMachines/jdk1.8.0_171.jdk/Contents/Home/jre/lib/ext:/Library/Java/Extensions:/Network/Library/Java/Extensions:/System/Library/Java/Extensions:/usr/lib/java, sun.boot.class.path=/Library/Java/JavaVirtualMachines/jdk1.8.0_171.jdk/Contents/Home/jre/lib/resources.jar:/Library/Java/JavaVirtualMachines/jdk1.8.0_171.jdk/Contents/Home/jre/lib/rt.jar:/Library/Java/JavaVirtualMachines/jdk1.8.0_171.jdk/Contents/Home/jre/lib/sunrsasign.jar:/Library/Java/JavaVirtualMachines/jdk1.8.0_171.jdk/Contents/Home/jre/lib/jsse.jar:/Library/Java/JavaVirtualMachines/jdk1.8.0_171.jdk/Contents/Home/jre/lib/jce.jar:/Library/Java/JavaVirtualMachines/jdk1.8.0_171.jdk/Contents/Home/jre/lib/charsets.jar:/Library/Java/JavaVirtualMachines/jdk1.8.0_171.jdk/Contents/Home/jre/lib/jfr.jar:/Library/Java/JavaVirtualMachines/jdk1.8.0_171.jdk/Contents/Home/jre/classes, java.vendor=Oracle Corporation, org.gradle.test.worker=1, file.separator=/, java.vendor.url.bug=http://bugreport.sun.com/bugreport/, sun.io.unicode.encoding=UnicodeBig, sun.cpu.endian=little, socksNonProxyHosts=local|*.local|169.254/16|*.169.254/16, ftp.nonProxyHosts=local|*.local|169.254/16|*.169.254/16, sun.cpu.isalist=}}, SystemEnvironmentPropertySource@124500153 {name='systemEnvironment', properties={PATH=/usr/local/bin/:/usr/bin:/bin:/usr/sbin:/sbin, JAVA_ARCH=x86_64, TERM=xterm-256color, LANG=en_US.UTF-8, APP_NAME_91238=Gradle, APP_ICON_91238=/Users/sreedharjoshi/Documents/learning/doing/ATypicalEnterpriseMicroservice/CodingService/media/gradle.icns, ITERM_SESSION_ID=w0t0p0:B0532958-FAA0-41BA-8091-0CD183F0BAE8, COLORTERM=truecolor, JAVA_MAIN_CLASS_91251=worker.org.gradle.process.internal.worker.GradleWorkerMain, LOGNAME=sreedharjoshi, TERM_PROGRAM_VERSION=3.1.6, PWD=/Users/sreedharjoshi/Documents/learning/doing/ATypicalEnterpriseMicroservice/CodingService, XPC_SERVICE_NAME=0, JAVA_MAIN_CLASS_91238=org.gradle.wrapper.GradleWrapperMain, SHELL=/bin/bash, TERM_PROGRAM=iTerm.app, PAGER=less, LSCOLORS=Gxfxcxdxbxegedabagacad, OLDPWD=/Users/sreedharjoshi/Documents/learning/doing/ATypicalEnterpriseMicroservice/CodingService, USER=sreedharjoshi, ZSH=/Users/sreedharjoshi/.oh-my-zsh, ITERM_PROFILE=Default, TMPDIR=/var/folders/j7/bskntg2d28j362tnyydx5qhr0000gn/T/, SSH_AUTH_SOCK=/private/tmp/com.apple.launchd.mxftdzoKPN/Listeners, XPC_FLAGS=0x0, TERM_SESSION_ID=w0t0p0:B0532958-FAA0-41BA-8091-0CD183F0BAE8, __CF_USER_TEXT_ENCODING=0x1F5:0x0:0x0, Apple_PubSub_Socket_Render=/private/tmp/com.apple.launchd.kVofOQGQjn/Render, LESS=-R, com.apple.java.jvmTask=CommandLine, COLORFGBG=7;0, LC_CTYPE=en_US.UTF-8, SHLVL=1, HOME=/Users/sreedharjoshi}}]
10:32:51.839 [Test worker] DEBUG org.springframework.test.context.support.TestPropertySourceUtils - Adding inlined properties to environment: {spring.jmx.enabled=false, org.springframework.boot.test.context.SpringBootTestContextBootstrapper=true, server.port=-1}
10:32:51.840 [Test worker] DEBUG org.springframework.core.env.StandardEnvironment - Adding PropertySource 'Inlined Test Properties' with highest search precedence
2018-05-30 10:32:52.106  INFO [-,,,] 91251 --- [    Test worker] s.c.a.AnnotationConfigApplicationContext : Refreshing org.springframework.context.annotation.AnnotationConfigApplicationContext@6bc07743: startup date [Wed May 30 10:32:52 PDT 2018]; root of context hierarchy
2018-05-30 10:32:52.322  INFO [-,,,] 91251 --- [    Test worker] trationDelegate$BeanPostProcessorChecker : Bean 'configurationPropertiesRebinderAutoConfiguration' of type [org.springframework.cloud.autoconfigure.ConfigurationPropertiesRebinderAutoConfiguration$$EnhancerBySpringCGLIB$$f40c97f6] is not eligible for getting processed by all BeanPostProcessors (for example: not eligible for auto-proxying)

  .   ____          _            __ _ _
 /\\ / ___'_ __ _ _(_)_ __  __ _ \ \ \ \
( ( )\___ | '_ | '_| | '_ \/ _` | \ \ \ \
 \\/  ___)| |_)| | | | | || (_| |  ) ) ) )
  '  |____| .__|_| |_|_| |_\__, | / / / /
 =========|_|==============|___/=/_/_/_/
 :: Spring Boot ::        (v2.0.1.RELEASE)

2018-05-30 10:32:52.531  INFO ["Coding-Service",,,] 91251 --- [    Test worker] c.e.c.CodingServiceApplicationTests      : No active profile set, falling back to default profiles: default
2018-05-30 10:32:52.536  INFO ["Coding-Service",,,] 91251 --- [    Test worker] o.s.w.c.s.GenericWebApplicationContext   : Refreshing org.springframework.web.context.support.GenericWebApplicationContext@5a7c7a83: startup date [Wed May 30 10:32:52 PDT 2018]; parent: org.springframework.context.annotation.AnnotationConfigApplicationContext@6bc07743
2018-05-30 10:32:52.992  INFO ["Coding-Service",,,] 91251 --- [    Test worker] o.s.b.f.s.DefaultListableBeanFactory     : Overriding bean definition for bean 'environmentWebEndpointExtension' with a different definition: replacing [Root bean: class [null]; scope=; abstract=false; lazyInit=false; autowireMode=3; dependencyCheck=0; autowireCandidate=true; primary=false; factoryBeanName=org.springframework.boot.actuate.autoconfigure.env.EnvironmentEndpointAutoConfiguration; factoryMethodName=environmentWebEndpointExtension; initMethodName=null; destroyMethodName=(inferred); defined in class path resource [org/springframework/boot/actuate/autoconfigure/env/EnvironmentEndpointAutoConfiguration.class]] with [Root bean: class [null]; scope=; abstract=false; lazyInit=false; autowireMode=3; dependencyCheck=0; autowireCandidate=true; primary=false; factoryBeanName=org.springframework.cloud.autoconfigure.LifecycleMvcEndpointAutoConfiguration$EndpointConfiguration; factoryMethodName=environmentWebEndpointExtension; initMethodName=null; destroyMethodName=(inferred); defined in class path resource [org/springframework/cloud/autoconfigure/LifecycleMvcEndpointAutoConfiguration$EndpointConfiguration.class]]
2018-05-30 10:32:53.239  INFO ["Coding-Service",,,] 91251 --- [    Test worker] o.s.cloud.context.scope.GenericScope     : BeanFactory id=a637c46d-a3a0-37d8-8ce7-628b5118dc43
2018-05-30 10:32:53.571  INFO ["Coding-Service",,,] 91251 --- [    Test worker] trationDelegate$BeanPostProcessorChecker : Bean 'org.springframework.cloud.autoconfigure.ConfigurationPropertiesRebinderAutoConfiguration' of type [org.springframework.cloud.autoconfigure.ConfigurationPropertiesRebinderAutoConfiguration$$EnhancerBySpringCGLIB$$f40c97f6] is not eligible for getting processed by all BeanPostProcessors (for example: not eligible for auto-proxying)
2018-05-30 10:32:53.973  INFO ["Coding-Service",,,] 91251 --- [    Test worker] o.s.w.s.handler.SimpleUrlHandlerMapping  : Mapped URL path [/**/favicon.ico] onto handler of type [class org.springframework.web.servlet.resource.ResourceHttpRequestHandler]
2018-05-30 10:32:54.304  INFO ["Coding-Service",,,] 91251 --- [    Test worker] s.w.s.m.m.a.RequestMappingHandlerAdapter : Looking for @ControllerAdvice: org.springframework.web.context.support.GenericWebApplicationContext@5a7c7a83: startup date [Wed May 30 10:32:52 PDT 2018]; parent: org.springframework.context.annotation.AnnotationConfigApplicationContext@6bc07743
2018-05-30 10:32:54.383  INFO ["Coding-Service",,,] 91251 --- [    Test worker] s.w.s.m.m.a.RequestMappingHandlerMapping : Mapped "{[/users/{id}/repos],methods=[GET]}" onto public java.util.List<java.lang.String> com.enterprise.codingService.CodingController.getRepositories(java.lang.String)
2018-05-30 10:32:54.385  INFO ["Coding-Service",,,] 91251 --- [    Test worker] s.w.s.m.m.a.RequestMappingHandlerMapping : Mapped "{[/error]}" onto public org.springframework.http.ResponseEntity<java.util.Map<java.lang.String, java.lang.Object>> org.springframework.boot.autoconfigure.web.servlet.error.BasicErrorController.error(javax.servlet.http.HttpServletRequest)
2018-05-30 10:32:54.386  INFO ["Coding-Service",,,] 91251 --- [    Test worker] s.w.s.m.m.a.RequestMappingHandlerMapping : Mapped "{[/error],produces=[text/html]}" onto public org.springframework.web.servlet.ModelAndView org.springframework.boot.autoconfigure.web.servlet.error.BasicErrorController.errorHtml(javax.servlet.http.HttpServletRequest,javax.servlet.http.HttpServletResponse)
2018-05-30 10:32:54.437  INFO ["Coding-Service",,,] 91251 --- [    Test worker] o.s.w.s.handler.SimpleUrlHandlerMapping  : Mapped URL path [/webjars/**] onto handler of type [class org.springframework.web.servlet.resource.ResourceHttpRequestHandler]
2018-05-30 10:32:54.437  INFO ["Coding-Service",,,] 91251 --- [    Test worker] o.s.w.s.handler.SimpleUrlHandlerMapping  : Mapped URL path [/**] onto handler of type [class org.springframework.web.servlet.resource.ResourceHttpRequestHandler]
2018-05-30 10:32:55.555  INFO ["Coding-Service",,,] 91251 --- [    Test worker] o.s.b.a.e.web.EndpointLinksResolver      : Exposing 2 endpoint(s) beneath base path '/actuator'
2018-05-30 10:32:55.567  INFO ["Coding-Service",,,] 91251 --- [    Test worker] s.b.a.e.w.s.WebMvcEndpointHandlerMapping : Mapped "{[/actuator/health],methods=[GET],produces=[application/vnd.spring-boot.actuator.v2+json || application/json]}" onto public java.lang.Object org.springframework.boot.actuate.endpoint.web.servlet.AbstractWebMvcEndpointHandlerMapping$OperationHandler.handle(javax.servlet.http.HttpServletRequest,java.util.Map<java.lang.String, java.lang.String>)
2018-05-30 10:32:55.568  INFO ["Coding-Service",,,] 91251 --- [    Test worker] s.b.a.e.w.s.WebMvcEndpointHandlerMapping : Mapped "{[/actuator/info],methods=[GET],produces=[application/vnd.spring-boot.actuator.v2+json || application/json]}" onto public java.lang.Object org.springframework.boot.actuate.endpoint.web.servlet.AbstractWebMvcEndpointHandlerMapping$OperationHandler.handle(javax.servlet.http.HttpServletRequest,java.util.Map<java.lang.String, java.lang.String>)
2018-05-30 10:32:55.569  INFO ["Coding-Service",,,] 91251 --- [    Test worker] s.b.a.e.w.s.WebMvcEndpointHandlerMapping : Mapped "{[/actuator],methods=[GET],produces=[application/vnd.spring-boot.actuator.v2+json || application/json]}" onto protected java.util.Map<java.lang.String, java.util.Map<java.lang.String, org.springframework.boot.actuate.endpoint.web.Link>> org.springframework.boot.actuate.endpoint.web.servlet.WebMvcEndpointHandlerMapping.links(javax.servlet.http.HttpServletRequest,javax.servlet.http.HttpServletResponse)
2018-05-30 10:32:55.671  INFO ["Coding-Service",,,] 91251 --- [    Test worker] c.e.c.CodingServiceApplicationTests      : Started CodingServiceApplicationTests in 3.822 seconds (JVM running for 4.8)
]]></system-out>
  <system-err><![CDATA[]]></system-err>
</testsuite>
