<?xml version="1.0" encoding="UTF-8"?>
<testsuite name="com.enterprise.codingService.CodingControllerTest" tests="1" skipped="0" failures="0" errors="0" timestamp="2018-05-30T17:32:56" hostname="sreedharjoshi-mac.gap.com" time="0.071">
  <properties/>
  <testcase name="getRepositoriesShouldReturnStatusOKAndListOfReposWhenCalledWithId" classname="com.enterprise.codingService.CodingControllerTest" time="0.071"/>
  <system-out><![CDATA[2018-05-30 10:32:55.767  INFO ["Coding-Service",,,] 91251 --- [    Test worker] .b.t.a.w.s.WebMvcTestContextBootstrapper : Neither @ContextConfiguration nor @ContextHierarchy found for test class [com.enterprise.codingService.CodingControllerTest], using SpringBootContextLoader
2018-05-30 10:32:55.768  INFO ["Coding-Service",,,] 91251 --- [    Test worker] o.s.t.c.support.AbstractContextLoader    : Could not detect default resource locations for test class [com.enterprise.codingService.CodingControllerTest]: no resource found for suffixes {-context.xml, Context.groovy}.
2018-05-30 10:32:55.768  INFO ["Coding-Service",,,] 91251 --- [    Test worker] t.c.s.AnnotationConfigContextLoaderUtils : Could not detect default configuration classes for test class [com.enterprise.codingService.CodingControllerTest]: CodingControllerTest does not declare any static, non-private, non-final, nested classes annotated with @Configuration.
2018-05-30 10:32:55.785  INFO ["Coding-Service",,,] 91251 --- [    Test worker] .b.t.c.SpringBootTestContextBootstrapper : Found @SpringBootConfiguration com.enterprise.codingService.CodingServiceApplication for test class com.enterprise.codingService.CodingControllerTest
2018-05-30 10:32:55.785  INFO ["Coding-Service",,,] 91251 --- [    Test worker] .b.t.a.w.s.WebMvcTestContextBootstrapper : Loaded default TestExecutionListener class names from location [META-INF/spring.factories]: [org.springframework.boot.test.autoconfigure.restdocs.RestDocsTestExecutionListener, org.springframework.boot.test.autoconfigure.web.client.MockRestServiceServerResetTestExecutionListener, org.springframework.boot.test.autoconfigure.web.servlet.MockMvcPrintOnlyOnFailureTestExecutionListener, org.springframework.boot.test.autoconfigure.web.servlet.WebDriverTestExecutionListener, org.springframework.boot.test.mock.mockito.MockitoTestExecutionListener, org.springframework.boot.test.mock.mockito.ResetMocksTestExecutionListener, org.springframework.test.context.web.ServletTestExecutionListener, org.springframework.test.context.support.DirtiesContextBeforeModesTestExecutionListener, org.springframework.test.context.support.DependencyInjectionTestExecutionListener, org.springframework.test.context.support.DirtiesContextTestExecutionListener, org.springframework.test.context.transaction.TransactionalTestExecutionListener, org.springframework.test.context.jdbc.SqlScriptsTestExecutionListener]
2018-05-30 10:32:55.786  INFO ["Coding-Service",,,] 91251 --- [    Test worker] .b.t.a.w.s.WebMvcTestContextBootstrapper : Using TestExecutionListeners: [org.springframework.test.context.web.ServletTestExecutionListener@251ebb2b, org.springframework.test.context.support.DirtiesContextBeforeModesTestExecutionListener@263ac0b5, org.springframework.boot.test.mock.mockito.MockitoTestExecutionListener@42b3e1be, org.springframework.boot.test.autoconfigure.SpringBootDependencyInjectionTestExecutionListener@4aa168cf, org.springframework.test.context.support.DirtiesContextTestExecutionListener@1ab64553, org.springframework.boot.test.autoconfigure.restdocs.RestDocsTestExecutionListener@6a7901d8, org.springframework.boot.test.autoconfigure.web.client.MockRestServiceServerResetTestExecutionListener@379aa338, org.springframework.boot.test.autoconfigure.web.servlet.MockMvcPrintOnlyOnFailureTestExecutionListener@763c5214, org.springframework.boot.test.autoconfigure.web.servlet.WebDriverTestExecutionListener@5e881d5d, org.springframework.boot.test.mock.mockito.ResetMocksTestExecutionListener@7c5da095]
2018-05-30 10:32:55.821  INFO [-,,,] 91251 --- [    Test worker] s.c.a.AnnotationConfigApplicationContext : Refreshing org.springframework.context.annotation.AnnotationConfigApplicationContext@2c1129fd: startup date [Wed May 30 10:32:55 PDT 2018]; root of context hierarchy
2018-05-30 10:32:55.857  INFO [-,,,] 91251 --- [    Test worker] trationDelegate$BeanPostProcessorChecker : Bean 'configurationPropertiesRebinderAutoConfiguration' of type [org.springframework.cloud.autoconfigure.ConfigurationPropertiesRebinderAutoConfiguration$$EnhancerBySpringCGLIB$$f40c97f6] is not eligible for getting processed by all BeanPostProcessors (for example: not eligible for auto-proxying)

  .   ____          _            __ _ _
 /\\ / ___'_ __ _ _(_)_ __  __ _ \ \ \ \
( ( )\___ | '_ | '_| | '_ \/ _` | \ \ \ \
 \\/  ___)| |_)| | | | | || (_| |  ) ) ) )
  '  |____| .__|_| |_|_| |_\__, | / / / /
 =========|_|==============|___/=/_/_/_/
 :: Spring Boot ::        (v2.0.1.RELEASE)

2018-05-30 10:32:55.919  INFO ["Coding-Service",,,] 91251 --- [    Test worker] c.e.codingService.CodingControllerTest   : No active profile set, falling back to default profiles: default
2018-05-30 10:32:55.921  INFO ["Coding-Service",,,] 91251 --- [    Test worker] o.s.w.c.s.GenericWebApplicationContext   : Refreshing org.springframework.web.context.support.GenericWebApplicationContext@79913fe6: startup date [Wed May 30 10:32:55 PDT 2018]; parent: org.springframework.context.annotation.AnnotationConfigApplicationContext@2c1129fd
2018-05-30 10:32:56.275  INFO ["Coding-Service",,,] 91251 --- [    Test worker] o.s.w.s.handler.SimpleUrlHandlerMapping  : Mapped URL path [/**/favicon.ico] onto handler of type [class org.springframework.web.servlet.resource.ResourceHttpRequestHandler]
2018-05-30 10:32:56.334  INFO ["Coding-Service",,,] 91251 --- [    Test worker] s.w.s.m.m.a.RequestMappingHandlerAdapter : Looking for @ControllerAdvice: org.springframework.web.context.support.GenericWebApplicationContext@79913fe6: startup date [Wed May 30 10:32:55 PDT 2018]; parent: org.springframework.context.annotation.AnnotationConfigApplicationContext@2c1129fd
2018-05-30 10:32:56.345  INFO ["Coding-Service",,,] 91251 --- [    Test worker] s.w.s.m.m.a.RequestMappingHandlerMapping : Mapped "{[/error]}" onto public org.springframework.http.ResponseEntity<java.util.Map<java.lang.String, java.lang.Object>> org.springframework.boot.autoconfigure.web.servlet.error.BasicErrorController.error(javax.servlet.http.HttpServletRequest)
2018-05-30 10:32:56.345  INFO ["Coding-Service",,,] 91251 --- [    Test worker] s.w.s.m.m.a.RequestMappingHandlerMapping : Mapped "{[/error],produces=[text/html]}" onto public org.springframework.web.servlet.ModelAndView org.springframework.boot.autoconfigure.web.servlet.error.BasicErrorController.errorHtml(javax.servlet.http.HttpServletRequest,javax.servlet.http.HttpServletResponse)
2018-05-30 10:32:56.348  INFO ["Coding-Service",,,] 91251 --- [    Test worker] s.w.s.m.m.a.RequestMappingHandlerMapping : Mapped "{[/users/{id}/repos],methods=[GET]}" onto public java.util.List<java.lang.String> com.enterprise.codingService.CodingController$MockitoMock$1903551603.getRepositories(java.lang.String)
2018-05-30 10:32:56.359  INFO ["Coding-Service",,,] 91251 --- [    Test worker] o.s.w.s.handler.SimpleUrlHandlerMapping  : Mapped URL path [/webjars/**] onto handler of type [class org.springframework.web.servlet.resource.ResourceHttpRequestHandler]
2018-05-30 10:32:56.360  INFO ["Coding-Service",,,] 91251 --- [    Test worker] o.s.w.s.handler.SimpleUrlHandlerMapping  : Mapped URL path [/**] onto handler of type [class org.springframework.web.servlet.resource.ResourceHttpRequestHandler]
2018-05-30 10:32:56.417  INFO ["Coding-Service",,,] 91251 --- [    Test worker] o.s.b.t.m.w.SpringBootMockServletContext : Initializing Spring FrameworkServlet ''
2018-05-30 10:32:56.418  INFO ["Coding-Service",,,] 91251 --- [    Test worker] o.s.t.web.servlet.TestDispatcherServlet  : FrameworkServlet '': initialization started
2018-05-30 10:32:56.426  INFO ["Coding-Service",,,] 91251 --- [    Test worker] o.s.t.web.servlet.TestDispatcherServlet  : FrameworkServlet '': initialization completed in 8 ms
2018-05-30 10:32:56.437  INFO ["Coding-Service",,,] 91251 --- [    Test worker] c.e.codingService.CodingControllerTest   : Started CodingControllerTest in 0.648 seconds (JVM running for 5.567)
]]></system-out>
  <system-err><![CDATA[]]></system-err>
</testsuite>
