<?xml version="1.0" encoding="UTF-8"?>
<testsuite name="com.enterprise.codingService.CodingControllerTest" tests="1" skipped="0" failures="0" errors="0" timestamp="2018-05-24T02:38:03" hostname="sreedharjoshi-Mac.local" time="0.09">
  <properties/>
  <testcase name="getRepositoriesShouldReturnStatusOKAndListOfReposWhenCalledWithId" classname="com.enterprise.codingService.CodingControllerTest" time="0.09"/>
  <system-out><![CDATA[2018-05-23 19:38:02.798  INFO ["Coding-Service",,,] 9019 --- [    Test worker] .b.t.a.w.s.WebMvcTestContextBootstrapper : Neither @ContextConfiguration nor @ContextHierarchy found for test class [com.enterprise.codingService.CodingControllerTest], using SpringBootContextLoader
2018-05-23 19:38:02.799  INFO ["Coding-Service",,,] 9019 --- [    Test worker] o.s.t.c.support.AbstractContextLoader    : Could not detect default resource locations for test class [com.enterprise.codingService.CodingControllerTest]: no resource found for suffixes {-context.xml, Context.groovy}.
2018-05-23 19:38:02.799  INFO ["Coding-Service",,,] 9019 --- [    Test worker] t.c.s.AnnotationConfigContextLoaderUtils : Could not detect default configuration classes for test class [com.enterprise.codingService.CodingControllerTest]: CodingControllerTest does not declare any static, non-private, non-final, nested classes annotated with @Configuration.
2018-05-23 19:38:02.819  INFO ["Coding-Service",,,] 9019 --- [    Test worker] .b.t.c.SpringBootTestContextBootstrapper : Found @SpringBootConfiguration com.enterprise.codingService.CodingServiceApplication for test class com.enterprise.codingService.CodingControllerTest
2018-05-23 19:38:02.820  INFO ["Coding-Service",,,] 9019 --- [    Test worker] .b.t.a.w.s.WebMvcTestContextBootstrapper : Loaded default TestExecutionListener class names from location [META-INF/spring.factories]: [org.springframework.boot.test.autoconfigure.restdocs.RestDocsTestExecutionListener, org.springframework.boot.test.autoconfigure.web.client.MockRestServiceServerResetTestExecutionListener, org.springframework.boot.test.autoconfigure.web.servlet.MockMvcPrintOnlyOnFailureTestExecutionListener, org.springframework.boot.test.autoconfigure.web.servlet.WebDriverTestExecutionListener, org.springframework.boot.test.mock.mockito.MockitoTestExecutionListener, org.springframework.boot.test.mock.mockito.ResetMocksTestExecutionListener, org.springframework.test.context.web.ServletTestExecutionListener, org.springframework.test.context.support.DirtiesContextBeforeModesTestExecutionListener, org.springframework.test.context.support.DependencyInjectionTestExecutionListener, org.springframework.test.context.support.DirtiesContextTestExecutionListener, org.springframework.test.context.transaction.TransactionalTestExecutionListener, org.springframework.test.context.jdbc.SqlScriptsTestExecutionListener]
2018-05-23 19:38:02.821  INFO ["Coding-Service",,,] 9019 --- [    Test worker] .b.t.a.w.s.WebMvcTestContextBootstrapper : Using TestExecutionListeners: [org.springframework.test.context.web.ServletTestExecutionListener@7bff1f87, org.springframework.test.context.support.DirtiesContextBeforeModesTestExecutionListener@64df5cdc, org.springframework.boot.test.mock.mockito.MockitoTestExecutionListener@41e2adb9, org.springframework.boot.test.autoconfigure.SpringBootDependencyInjectionTestExecutionListener@41dcb9c5, org.springframework.test.context.support.DirtiesContextTestExecutionListener@42dc855e, org.springframework.boot.test.autoconfigure.restdocs.RestDocsTestExecutionListener@5c7b1865, org.springframework.boot.test.autoconfigure.web.client.MockRestServiceServerResetTestExecutionListener@820f936, org.springframework.boot.test.autoconfigure.web.servlet.MockMvcPrintOnlyOnFailureTestExecutionListener@2c166b66, org.springframework.boot.test.autoconfigure.web.servlet.WebDriverTestExecutionListener@ac6fdcf, org.springframework.boot.test.mock.mockito.ResetMocksTestExecutionListener@efa64c2]
2018-05-23 19:38:02.851  INFO [-,,,] 9019 --- [    Test worker] s.c.a.AnnotationConfigApplicationContext : Refreshing org.springframework.context.annotation.AnnotationConfigApplicationContext@6f9f266c: startup date [Wed May 23 19:38:02 PDT 2018]; root of context hierarchy
2018-05-23 19:38:02.879  INFO [-,,,] 9019 --- [    Test worker] trationDelegate$BeanPostProcessorChecker : Bean 'configurationPropertiesRebinderAutoConfiguration' of type [org.springframework.cloud.autoconfigure.ConfigurationPropertiesRebinderAutoConfiguration$$EnhancerBySpringCGLIB$$2bbb8275] is not eligible for getting processed by all BeanPostProcessors (for example: not eligible for auto-proxying)

  .   ____          _            __ _ _
 /\\ / ___'_ __ _ _(_)_ __  __ _ \ \ \ \
( ( )\___ | '_ | '_| | '_ \/ _` | \ \ \ \
 \\/  ___)| |_)| | | | | || (_| |  ) ) ) )
  '  |____| .__|_| |_|_| |_\__, | / / / /
 =========|_|==============|___/=/_/_/_/
 :: Spring Boot ::        (v2.0.1.RELEASE)

2018-05-23 19:38:02.927  INFO ["Coding-Service",,,] 9019 --- [    Test worker] c.e.codingService.CodingControllerTest   : No active profile set, falling back to default profiles: default
2018-05-23 19:38:02.929  INFO ["Coding-Service",,,] 9019 --- [    Test worker] o.s.w.c.s.GenericWebApplicationContext   : Refreshing org.springframework.web.context.support.GenericWebApplicationContext@20d02798: startup date [Wed May 23 19:38:02 PDT 2018]; parent: org.springframework.context.annotation.AnnotationConfigApplicationContext@6f9f266c
2018-05-23 19:38:03.413  INFO ["Coding-Service",,,] 9019 --- [    Test worker] o.s.w.s.handler.SimpleUrlHandlerMapping  : Mapped URL path [/**/favicon.ico] onto handler of type [class org.springframework.web.servlet.resource.ResourceHttpRequestHandler]
2018-05-23 19:38:03.490  INFO ["Coding-Service",,,] 9019 --- [    Test worker] s.w.s.m.m.a.RequestMappingHandlerAdapter : Looking for @ControllerAdvice: org.springframework.web.context.support.GenericWebApplicationContext@20d02798: startup date [Wed May 23 19:38:02 PDT 2018]; parent: org.springframework.context.annotation.AnnotationConfigApplicationContext@6f9f266c
2018-05-23 19:38:03.502  INFO ["Coding-Service",,,] 9019 --- [    Test worker] s.w.s.m.m.a.RequestMappingHandlerMapping : Mapped "{[/error]}" onto public org.springframework.http.ResponseEntity<java.util.Map<java.lang.String, java.lang.Object>> org.springframework.boot.autoconfigure.web.servlet.error.BasicErrorController.error(javax.servlet.http.HttpServletRequest)
2018-05-23 19:38:03.503  INFO ["Coding-Service",,,] 9019 --- [    Test worker] s.w.s.m.m.a.RequestMappingHandlerMapping : Mapped "{[/error],produces=[text/html]}" onto public org.springframework.web.servlet.ModelAndView org.springframework.boot.autoconfigure.web.servlet.error.BasicErrorController.errorHtml(javax.servlet.http.HttpServletRequest,javax.servlet.http.HttpServletResponse)
2018-05-23 19:38:03.506  INFO ["Coding-Service",,,] 9019 --- [    Test worker] s.w.s.m.m.a.RequestMappingHandlerMapping : Mapped "{[/users/{id}/repos],methods=[GET]}" onto public java.util.List<java.lang.String> com.enterprise.codingService.CodingController$MockitoMock$1481899776.getRepositories(java.lang.String)
2018-05-23 19:38:03.520  INFO ["Coding-Service",,,] 9019 --- [    Test worker] o.s.w.s.handler.SimpleUrlHandlerMapping  : Mapped URL path [/webjars/**] onto handler of type [class org.springframework.web.servlet.resource.ResourceHttpRequestHandler]
2018-05-23 19:38:03.521  INFO ["Coding-Service",,,] 9019 --- [    Test worker] o.s.w.s.handler.SimpleUrlHandlerMapping  : Mapped URL path [/**] onto handler of type [class org.springframework.web.servlet.resource.ResourceHttpRequestHandler]
2018-05-23 19:38:03.591  INFO ["Coding-Service",,,] 9019 --- [    Test worker] o.s.b.t.m.w.SpringBootMockServletContext : Initializing Spring FrameworkServlet ''
2018-05-23 19:38:03.592  INFO ["Coding-Service",,,] 9019 --- [    Test worker] o.s.t.web.servlet.TestDispatcherServlet  : FrameworkServlet '': initialization started
2018-05-23 19:38:03.605  INFO ["Coding-Service",,,] 9019 --- [    Test worker] o.s.t.web.servlet.TestDispatcherServlet  : FrameworkServlet '': initialization completed in 13 ms
2018-05-23 19:38:03.621  INFO ["Coding-Service",,,] 9019 --- [    Test worker] c.e.codingService.CodingControllerTest   : Started CodingControllerTest in 0.797 seconds (JVM running for 6.249)
]]></system-out>
  <system-err><![CDATA[]]></system-err>
</testsuite>
